<?xml version="1.0" encoding="UTF-8"?>
<robot generator="Robot 3.2.2 (Python 3.8.6 on darwin)" generated="20201022 18:10:53.072" rpa="false">
<suite id="s1" name="Results" source="/Users/ltsuda/Developer/robotframework-report-to-json/report-parser/report_parser/results">
<suite id="s1-s1" name="Generate Results" source="/Users/ltsuda/Developer/robotframework-report-to-json/report-parser/report_parser/results/generate_results.robot">
<test id="s1-s1-t1" name="Test - 1">
<kw name="Pass Execution" library="BuiltIn">
<doc>Skips rest of the current test, setup, or teardown with PASS status.</doc>
<arguments>
<arg>This test passsed</arg>
</arguments>
<msg timestamp="20201022 18:10:53.095" level="INFO">Execution passed with message:
This test passsed</msg>
<status status="PASS" starttime="20201022 18:10:53.095" endtime="20201022 18:10:53.095"></status>
</kw>
<status status="PASS" starttime="20201022 18:10:53.095" endtime="20201022 18:10:53.095" critical="yes">This test passsed</status>
</test>
<test id="s1-s1-t2" name="Test - 2">
<kw name="Pass Execution" library="BuiltIn">
<doc>Skips rest of the current test, setup, or teardown with PASS status.</doc>
<arguments>
<arg>This test passsed</arg>
</arguments>
<msg timestamp="20201022 18:10:53.096" level="INFO">Execution passed with message:
This test passsed</msg>
<status status="PASS" starttime="20201022 18:10:53.096" endtime="20201022 18:10:53.096"></status>
</kw>
<status status="PASS" starttime="20201022 18:10:53.096" endtime="20201022 18:10:53.096" critical="yes">This test passsed</status>
</test>
<test id="s1-s1-t3" name="Test - 3">
<kw name="Pass Execution" library="BuiltIn">
<doc>Skips rest of the current test, setup, or teardown with PASS status.</doc>
<arguments>
<arg>This test passsed</arg>
</arguments>
<msg timestamp="20201022 18:10:53.097" level="INFO">Execution passed with message:
This test passsed</msg>
<status status="PASS" starttime="20201022 18:10:53.097" endtime="20201022 18:10:53.097"></status>
</kw>
<status status="PASS" starttime="20201022 18:10:53.097" endtime="20201022 18:10:53.097" critical="yes">This test passsed</status>
</test>
<test id="s1-s1-t4" name="Test - 4">
<kw name="Pass Execution" library="BuiltIn">
<doc>Skips rest of the current test, setup, or teardown with PASS status.</doc>
<arguments>
<arg>This test passsed</arg>
</arguments>
<msg timestamp="20201022 18:10:53.099" level="INFO">Execution passed with message:
This test passsed</msg>
<status status="PASS" starttime="20201022 18:10:53.098" endtime="20201022 18:10:53.099"></status>
</kw>
<status status="PASS" starttime="20201022 18:10:53.098" endtime="20201022 18:10:53.099" critical="yes">This test passsed</status>
</test>
<test id="s1-s1-t5" name="Test - 5">
<kw name="Pass Execution" library="BuiltIn">
<doc>Skips rest of the current test, setup, or teardown with PASS status.</doc>
<arguments>
<arg>This test passsed</arg>
</arguments>
<msg timestamp="20201022 18:10:53.100" level="INFO">Execution passed with message:
This test passsed</msg>
<status status="PASS" starttime="20201022 18:10:53.100" endtime="20201022 18:10:53.100"></status>
</kw>
<status status="PASS" starttime="20201022 18:10:53.099" endtime="20201022 18:10:53.100" critical="yes">This test passsed</status>
</test>
<test id="s1-s1-t6" name="Test - 6">
<kw name="Pass Execution" library="BuiltIn">
<doc>Skips rest of the current test, setup, or teardown with PASS status.</doc>
<arguments>
<arg>This test passsed</arg>
</arguments>
<msg timestamp="20201022 18:10:53.101" level="INFO">Execution passed with message:
This test passsed</msg>
<status status="PASS" starttime="20201022 18:10:53.101" endtime="20201022 18:10:53.101"></status>
</kw>
<status status="PASS" starttime="20201022 18:10:53.100" endtime="20201022 18:10:53.101" critical="yes">This test passsed</status>
</test>
<test id="s1-s1-t7" name="Test - 7">
<kw name="Pass Execution" library="BuiltIn">
<doc>Skips rest of the current test, setup, or teardown with PASS status.</doc>
<arguments>
<arg>This test passsed</arg>
</arguments>
<msg timestamp="20201022 18:10:53.102" level="INFO">Execution passed with message:
This test passsed</msg>
<status status="PASS" starttime="20201022 18:10:53.102" endtime="20201022 18:10:53.102"></status>
</kw>
<status status="PASS" starttime="20201022 18:10:53.102" endtime="20201022 18:10:53.103" critical="yes">This test passsed</status>
</test>
<test id="s1-s1-t8" name="Test - 8">
<kw name="Pass Execution" library="BuiltIn">
<doc>Skips rest of the current test, setup, or teardown with PASS status.</doc>
<arguments>
<arg>This test passsed</arg>
</arguments>
<msg timestamp="20201022 18:10:53.103" level="INFO">Execution passed with message:
This test passsed</msg>
<status status="PASS" starttime="20201022 18:10:53.103" endtime="20201022 18:10:53.103"></status>
</kw>
<status status="PASS" starttime="20201022 18:10:53.103" endtime="20201022 18:10:53.103" critical="yes">This test passsed</status>
</test>
<test id="s1-s1-t9" name="Test - 9">
<kw name="Pass Execution" library="BuiltIn">
<doc>Skips rest of the current test, setup, or teardown with PASS status.</doc>
<arguments>
<arg>This test passsed</arg>
</arguments>
<msg timestamp="20201022 18:10:53.104" level="INFO">Execution passed with message:
This test passsed</msg>
<status status="PASS" starttime="20201022 18:10:53.104" endtime="20201022 18:10:53.104"></status>
</kw>
<status status="PASS" starttime="20201022 18:10:53.104" endtime="20201022 18:10:53.104" critical="yes">This test passsed</status>
</test>
<test id="s1-s1-t10" name="Test - 10">
<kw name="Pass Execution" library="BuiltIn">
<doc>Skips rest of the current test, setup, or teardown with PASS status.</doc>
<arguments>
<arg>This test passsed</arg>
</arguments>
<msg timestamp="20201022 18:10:53.105" level="INFO">Execution passed with message:
This test passsed</msg>
<status status="PASS" starttime="20201022 18:10:53.105" endtime="20201022 18:10:53.105"></status>
</kw>
<status status="PASS" starttime="20201022 18:10:53.105" endtime="20201022 18:10:53.105" critical="yes">This test passsed</status>
</test>
<test id="s1-s1-t11" name="Test - 11">
<kw name="Pass Execution" library="BuiltIn">
<doc>Skips rest of the current test, setup, or teardown with PASS status.</doc>
<arguments>
<arg>This test passsed</arg>
</arguments>
<msg timestamp="20201022 18:10:53.106" level="INFO">Execution passed with message:
This test passsed</msg>
<status status="PASS" starttime="20201022 18:10:53.106" endtime="20201022 18:10:53.106"></status>
</kw>
<status status="PASS" starttime="20201022 18:10:53.106" endtime="20201022 18:10:53.106" critical="yes">This test passsed</status>
</test>
<test id="s1-s1-t12" name="Test - 12">
<kw name="Pass Execution" library="BuiltIn">
<doc>Skips rest of the current test, setup, or teardown with PASS status.</doc>
<arguments>
<arg>This test passsed</arg>
</arguments>
<msg timestamp="20201022 18:10:53.107" level="INFO">Execution passed with message:
This test passsed</msg>
<status status="PASS" starttime="20201022 18:10:53.107" endtime="20201022 18:10:53.107"></status>
</kw>
<status status="PASS" starttime="20201022 18:10:53.107" endtime="20201022 18:10:53.107" critical="yes">This test passsed</status>
</test>
<test id="s1-s1-t13" name="Test - 13">
<kw name="Pass Execution" library="BuiltIn">
<doc>Skips rest of the current test, setup, or teardown with PASS status.</doc>
<arguments>
<arg>This test passsed</arg>
</arguments>
<msg timestamp="20201022 18:10:53.108" level="INFO">Execution passed with message:
This test passsed</msg>
<status status="PASS" starttime="20201022 18:10:53.108" endtime="20201022 18:10:53.108"></status>
</kw>
<status status="PASS" starttime="20201022 18:10:53.107" endtime="20201022 18:10:53.108" critical="yes">This test passsed</status>
</test>
<test id="s1-s1-t14" name="Test - 14">
<kw name="Pass Execution" library="BuiltIn">
<doc>Skips rest of the current test, setup, or teardown with PASS status.</doc>
<arguments>
<arg>This test passsed</arg>
</arguments>
<msg timestamp="20201022 18:10:53.109" level="INFO">Execution passed with message:
This test passsed</msg>
<status status="PASS" starttime="20201022 18:10:53.108" endtime="20201022 18:10:53.109"></status>
</kw>
<status status="PASS" starttime="20201022 18:10:53.108" endtime="20201022 18:10:53.109" critical="yes">This test passsed</status>
</test>
<test id="s1-s1-t15" name="Test - 15">
<kw name="Pass Execution" library="BuiltIn">
<doc>Skips rest of the current test, setup, or teardown with PASS status.</doc>
<arguments>
<arg>This test passsed</arg>
</arguments>
<msg timestamp="20201022 18:10:53.109" level="INFO">Execution passed with message:
This test passsed</msg>
<status status="PASS" starttime="20201022 18:10:53.109" endtime="20201022 18:10:53.109"></status>
</kw>
<status status="PASS" starttime="20201022 18:10:53.109" endtime="20201022 18:10:53.110" critical="yes">This test passsed</status>
</test>
<test id="s1-s1-t16" name="Test - 16">
<kw name="Pass Execution" library="BuiltIn">
<doc>Skips rest of the current test, setup, or teardown with PASS status.</doc>
<arguments>
<arg>This test passsed</arg>
</arguments>
<msg timestamp="20201022 18:10:53.110" level="INFO">Execution passed with message:
This test passsed</msg>
<status status="PASS" starttime="20201022 18:10:53.110" endtime="20201022 18:10:53.110"></status>
</kw>
<status status="PASS" starttime="20201022 18:10:53.110" endtime="20201022 18:10:53.111" critical="yes">This test passsed</status>
</test>
<test id="s1-s1-t17" name="Test - 17">
<kw name="Pass Execution" library="BuiltIn">
<doc>Skips rest of the current test, setup, or teardown with PASS status.</doc>
<arguments>
<arg>This test passsed</arg>
</arguments>
<msg timestamp="20201022 18:10:53.116" level="INFO">Execution passed with message:
This test passsed</msg>
<status status="PASS" starttime="20201022 18:10:53.111" endtime="20201022 18:10:53.117"></status>
</kw>
<status status="PASS" starttime="20201022 18:10:53.111" endtime="20201022 18:10:53.117" critical="yes">This test passsed</status>
</test>
<test id="s1-s1-t18" name="Test - 18">
<kw name="Pass Execution" library="BuiltIn">
<doc>Skips rest of the current test, setup, or teardown with PASS status.</doc>
<arguments>
<arg>This test passsed</arg>
</arguments>
<msg timestamp="20201022 18:10:53.117" level="INFO">Execution passed with message:
This test passsed</msg>
<status status="PASS" starttime="20201022 18:10:53.117" endtime="20201022 18:10:53.118"></status>
</kw>
<status status="PASS" starttime="20201022 18:10:53.117" endtime="20201022 18:10:53.118" critical="yes">This test passsed</status>
</test>
<test id="s1-s1-t19" name="Test - 19">
<kw name="Pass Execution" library="BuiltIn">
<doc>Skips rest of the current test, setup, or teardown with PASS status.</doc>
<arguments>
<arg>This test passsed</arg>
</arguments>
<msg timestamp="20201022 18:10:53.118" level="INFO">Execution passed with message:
This test passsed</msg>
<status status="PASS" starttime="20201022 18:10:53.118" endtime="20201022 18:10:53.119"></status>
</kw>
<status status="PASS" starttime="20201022 18:10:53.118" endtime="20201022 18:10:53.119" critical="yes">This test passsed</status>
</test>
<test id="s1-s1-t20" name="Test - 20">
<kw name="Pass Execution" library="BuiltIn">
<doc>Skips rest of the current test, setup, or teardown with PASS status.</doc>
<arguments>
<arg>This test passsed</arg>
</arguments>
<msg timestamp="20201022 18:10:53.119" level="INFO">Execution passed with message:
This test passsed</msg>
<status status="PASS" starttime="20201022 18:10:53.119" endtime="20201022 18:10:53.120"></status>
</kw>
<status status="PASS" starttime="20201022 18:10:53.119" endtime="20201022 18:10:53.120" critical="yes">This test passsed</status>
</test>
<test id="s1-s1-t21" name="Test - 21">
<kw name="Pass Execution" library="BuiltIn">
<doc>Skips rest of the current test, setup, or teardown with PASS status.</doc>
<arguments>
<arg>This test passsed</arg>
</arguments>
<msg timestamp="20201022 18:10:53.120" level="INFO">Execution passed with message:
This test passsed</msg>
<status status="PASS" starttime="20201022 18:10:53.120" endtime="20201022 18:10:53.120"></status>
</kw>
<status status="PASS" starttime="20201022 18:10:53.120" endtime="20201022 18:10:53.121" critical="yes">This test passsed</status>
</test>
<test id="s1-s1-t22" name="Test - 22">
<kw name="Pass Execution" library="BuiltIn">
<doc>Skips rest of the current test, setup, or teardown with PASS status.</doc>
<arguments>
<arg>This test passsed</arg>
</arguments>
<msg timestamp="20201022 18:10:53.121" level="INFO">Execution passed with message:
This test passsed</msg>
<status status="PASS" starttime="20201022 18:10:53.121" endtime="20201022 18:10:53.121"></status>
</kw>
<status status="PASS" starttime="20201022 18:10:53.121" endtime="20201022 18:10:53.122" critical="yes">This test passsed</status>
</test>
<test id="s1-s1-t23" name="Test - 23">
<kw name="Pass Execution" library="BuiltIn">
<doc>Skips rest of the current test, setup, or teardown with PASS status.</doc>
<arguments>
<arg>This test passsed</arg>
</arguments>
<msg timestamp="20201022 18:10:53.122" level="INFO">Execution passed with message:
This test passsed</msg>
<status status="PASS" starttime="20201022 18:10:53.122" endtime="20201022 18:10:53.122"></status>
</kw>
<status status="PASS" starttime="20201022 18:10:53.122" endtime="20201022 18:10:53.122" critical="yes">This test passsed</status>
</test>
<test id="s1-s1-t24" name="Test - 24">
<kw name="Pass Execution" library="BuiltIn">
<doc>Skips rest of the current test, setup, or teardown with PASS status.</doc>
<arguments>
<arg>This test passsed</arg>
</arguments>
<msg timestamp="20201022 18:10:53.123" level="INFO">Execution passed with message:
This test passsed</msg>
<status status="PASS" starttime="20201022 18:10:53.123" endtime="20201022 18:10:53.123"></status>
</kw>
<status status="PASS" starttime="20201022 18:10:53.123" endtime="20201022 18:10:53.123" critical="yes">This test passsed</status>
</test>
<test id="s1-s1-t25" name="Test - 25">
<kw name="Pass Execution" library="BuiltIn">
<doc>Skips rest of the current test, setup, or teardown with PASS status.</doc>
<arguments>
<arg>This test passsed</arg>
</arguments>
<msg timestamp="20201022 18:10:53.124" level="INFO">Execution passed with message:
This test passsed</msg>
<status status="PASS" starttime="20201022 18:10:53.124" endtime="20201022 18:10:53.124"></status>
</kw>
<status status="PASS" starttime="20201022 18:10:53.124" endtime="20201022 18:10:53.124" critical="yes">This test passsed</status>
</test>
<test id="s1-s1-t26" name="Test - 26">
<kw name="Pass Execution" library="BuiltIn">
<doc>Skips rest of the current test, setup, or teardown with PASS status.</doc>
<arguments>
<arg>This test passsed</arg>
</arguments>
<msg timestamp="20201022 18:10:53.125" level="INFO">Execution passed with message:
This test passsed</msg>
<status status="PASS" starttime="20201022 18:10:53.125" endtime="20201022 18:10:53.125"></status>
</kw>
<status status="PASS" starttime="20201022 18:10:53.124" endtime="20201022 18:10:53.125" critical="yes">This test passsed</status>
</test>
<test id="s1-s1-t27" name="Test - 27">
<kw name="Pass Execution" library="BuiltIn">
<doc>Skips rest of the current test, setup, or teardown with PASS status.</doc>
<arguments>
<arg>This test passsed</arg>
</arguments>
<msg timestamp="20201022 18:10:53.126" level="INFO">Execution passed with message:
This test passsed</msg>
<status status="PASS" starttime="20201022 18:10:53.126" endtime="20201022 18:10:53.126"></status>
</kw>
<status status="PASS" starttime="20201022 18:10:53.125" endtime="20201022 18:10:53.126" critical="yes">This test passsed</status>
</test>
<test id="s1-s1-t28" name="Test - 28">
<kw name="Pass Execution" library="BuiltIn">
<doc>Skips rest of the current test, setup, or teardown with PASS status.</doc>
<arguments>
<arg>This test passsed</arg>
</arguments>
<msg timestamp="20201022 18:10:53.127" level="INFO">Execution passed with message:
This test passsed</msg>
<status status="PASS" starttime="20201022 18:10:53.127" endtime="20201022 18:10:53.127"></status>
</kw>
<status status="PASS" starttime="20201022 18:10:53.126" endtime="20201022 18:10:53.127" critical="yes">This test passsed</status>
</test>
<test id="s1-s1-t29" name="Test - 29">
<kw name="Pass Execution" library="BuiltIn">
<doc>Skips rest of the current test, setup, or teardown with PASS status.</doc>
<arguments>
<arg>This test passsed</arg>
</arguments>
<msg timestamp="20201022 18:10:53.128" level="INFO">Execution passed with message:
This test passsed</msg>
<status status="PASS" starttime="20201022 18:10:53.128" endtime="20201022 18:10:53.128"></status>
</kw>
<status status="PASS" starttime="20201022 18:10:53.127" endtime="20201022 18:10:53.128" critical="yes">This test passsed</status>
</test>
<test id="s1-s1-t30" name="Test - 30">
<kw name="Pass Execution" library="BuiltIn">
<doc>Skips rest of the current test, setup, or teardown with PASS status.</doc>
<arguments>
<arg>This test passsed</arg>
</arguments>
<msg timestamp="20201022 18:10:53.129" level="INFO">Execution passed with message:
This test passsed</msg>
<status status="PASS" starttime="20201022 18:10:53.129" endtime="20201022 18:10:53.129"></status>
</kw>
<status status="PASS" starttime="20201022 18:10:53.128" endtime="20201022 18:10:53.129" critical="yes">This test passsed</status>
</test>
<test id="s1-s1-t31" name="Test - 31">
<kw name="Pass Execution" library="BuiltIn">
<doc>Skips rest of the current test, setup, or teardown with PASS status.</doc>
<arguments>
<arg>This test passsed</arg>
</arguments>
<msg timestamp="20201022 18:10:53.130" level="INFO">Execution passed with message:
This test passsed</msg>
<status status="PASS" starttime="20201022 18:10:53.129" endtime="20201022 18:10:53.130"></status>
</kw>
<status status="PASS" starttime="20201022 18:10:53.129" endtime="20201022 18:10:53.130" critical="yes">This test passsed</status>
</test>
<test id="s1-s1-t32" name="Test - 32">
<kw name="Pass Execution" library="BuiltIn">
<doc>Skips rest of the current test, setup, or teardown with PASS status.</doc>
<arguments>
<arg>This test passsed</arg>
</arguments>
<msg timestamp="20201022 18:10:53.130" level="INFO">Execution passed with message:
This test passsed</msg>
<status status="PASS" starttime="20201022 18:10:53.130" endtime="20201022 18:10:53.131"></status>
</kw>
<status status="PASS" starttime="20201022 18:10:53.130" endtime="20201022 18:10:53.131" critical="yes">This test passsed</status>
</test>
<test id="s1-s1-t33" name="Test - 33">
<kw name="Pass Execution" library="BuiltIn">
<doc>Skips rest of the current test, setup, or teardown with PASS status.</doc>
<arguments>
<arg>This test passsed</arg>
</arguments>
<msg timestamp="20201022 18:10:53.131" level="INFO">Execution passed with message:
This test passsed</msg>
<status status="PASS" starttime="20201022 18:10:53.131" endtime="20201022 18:10:53.131"></status>
</kw>
<status status="PASS" starttime="20201022 18:10:53.131" endtime="20201022 18:10:53.132" critical="yes">This test passsed</status>
</test>
<test id="s1-s1-t34" name="Test - 34">
<kw name="Pass Execution" library="BuiltIn">
<doc>Skips rest of the current test, setup, or teardown with PASS status.</doc>
<arguments>
<arg>This test passsed</arg>
</arguments>
<msg timestamp="20201022 18:10:53.132" level="INFO">Execution passed with message:
This test passsed</msg>
<status status="PASS" starttime="20201022 18:10:53.132" endtime="20201022 18:10:53.132"></status>
</kw>
<status status="PASS" starttime="20201022 18:10:53.132" endtime="20201022 18:10:53.132" critical="yes">This test passsed</status>
</test>
<test id="s1-s1-t35" name="Test - 35">
<kw name="Pass Execution" library="BuiltIn">
<doc>Skips rest of the current test, setup, or teardown with PASS status.</doc>
<arguments>
<arg>This test passsed</arg>
</arguments>
<msg timestamp="20201022 18:10:53.133" level="INFO">Execution passed with message:
This test passsed</msg>
<status status="PASS" starttime="20201022 18:10:53.133" endtime="20201022 18:10:53.133"></status>
</kw>
<status status="PASS" starttime="20201022 18:10:53.133" endtime="20201022 18:10:53.133" critical="yes">This test passsed</status>
</test>
<test id="s1-s1-t36" name="Test - 36">
<kw name="Pass Execution" library="BuiltIn">
<doc>Skips rest of the current test, setup, or teardown with PASS status.</doc>
<arguments>
<arg>This test passsed</arg>
</arguments>
<msg timestamp="20201022 18:10:53.134" level="INFO">Execution passed with message:
This test passsed</msg>
<status status="PASS" starttime="20201022 18:10:53.134" endtime="20201022 18:10:53.134"></status>
</kw>
<status status="PASS" starttime="20201022 18:10:53.134" endtime="20201022 18:10:53.134" critical="yes">This test passsed</status>
</test>
<test id="s1-s1-t37" name="Test - 37">
<kw name="Pass Execution" library="BuiltIn">
<doc>Skips rest of the current test, setup, or teardown with PASS status.</doc>
<arguments>
<arg>This test passsed</arg>
</arguments>
<msg timestamp="20201022 18:10:53.135" level="INFO">Execution passed with message:
This test passsed</msg>
<status status="PASS" starttime="20201022 18:10:53.135" endtime="20201022 18:10:53.135"></status>
</kw>
<status status="PASS" starttime="20201022 18:10:53.135" endtime="20201022 18:10:53.135" critical="yes">This test passsed</status>
</test>
<test id="s1-s1-t38" name="Test - 38">
<kw name="Pass Execution" library="BuiltIn">
<doc>Skips rest of the current test, setup, or teardown with PASS status.</doc>
<arguments>
<arg>This test passsed</arg>
</arguments>
<msg timestamp="20201022 18:10:53.136" level="INFO">Execution passed with message:
This test passsed</msg>
<status status="PASS" starttime="20201022 18:10:53.136" endtime="20201022 18:10:53.136"></status>
</kw>
<status status="PASS" starttime="20201022 18:10:53.136" endtime="20201022 18:10:53.136" critical="yes">This test passsed</status>
</test>
<test id="s1-s1-t39" name="Test - 39">
<kw name="Pass Execution" library="BuiltIn">
<doc>Skips rest of the current test, setup, or teardown with PASS status.</doc>
<arguments>
<arg>This test passsed</arg>
</arguments>
<msg timestamp="20201022 18:10:53.137" level="INFO">Execution passed with message:
This test passsed</msg>
<status status="PASS" starttime="20201022 18:10:53.137" endtime="20201022 18:10:53.137"></status>
</kw>
<status status="PASS" starttime="20201022 18:10:53.136" endtime="20201022 18:10:53.137" critical="yes">This test passsed</status>
</test>
<test id="s1-s1-t40" name="Test - 40">
<kw name="Pass Execution" library="BuiltIn">
<doc>Skips rest of the current test, setup, or teardown with PASS status.</doc>
<arguments>
<arg>This test passsed</arg>
</arguments>
<msg timestamp="20201022 18:10:53.138" level="INFO">Execution passed with message:
This test passsed</msg>
<status status="PASS" starttime="20201022 18:10:53.137" endtime="20201022 18:10:53.138"></status>
</kw>
<status status="PASS" starttime="20201022 18:10:53.137" endtime="20201022 18:10:53.138" critical="yes">This test passsed</status>
</test>
<test id="s1-s1-t41" name="Test - 41">
<kw name="Pass Execution" library="BuiltIn">
<doc>Skips rest of the current test, setup, or teardown with PASS status.</doc>
<arguments>
<arg>This test passsed</arg>
</arguments>
<msg timestamp="20201022 18:10:53.138" level="INFO">Execution passed with message:
This test passsed</msg>
<status status="PASS" starttime="20201022 18:10:53.138" endtime="20201022 18:10:53.138"></status>
</kw>
<status status="PASS" starttime="20201022 18:10:53.138" endtime="20201022 18:10:53.139" critical="yes">This test passsed</status>
</test>
<test id="s1-s1-t42" name="Test - 42">
<kw name="Pass Execution" library="BuiltIn">
<doc>Skips rest of the current test, setup, or teardown with PASS status.</doc>
<arguments>
<arg>This test passsed</arg>
</arguments>
<msg timestamp="20201022 18:10:53.139" level="INFO">Execution passed with message:
This test passsed</msg>
<status status="PASS" starttime="20201022 18:10:53.139" endtime="20201022 18:10:53.139"></status>
</kw>
<status status="PASS" starttime="20201022 18:10:53.139" endtime="20201022 18:10:53.139" critical="yes">This test passsed</status>
</test>
<test id="s1-s1-t43" name="Test - 43">
<kw name="Pass Execution" library="BuiltIn">
<doc>Skips rest of the current test, setup, or teardown with PASS status.</doc>
<arguments>
<arg>This test passsed</arg>
</arguments>
<msg timestamp="20201022 18:10:53.140" level="INFO">Execution passed with message:
This test passsed</msg>
<status status="PASS" starttime="20201022 18:10:53.140" endtime="20201022 18:10:53.140"></status>
</kw>
<status status="PASS" starttime="20201022 18:10:53.140" endtime="20201022 18:10:53.140" critical="yes">This test passsed</status>
</test>
<test id="s1-s1-t44" name="Test - 44">
<kw name="Pass Execution" library="BuiltIn">
<doc>Skips rest of the current test, setup, or teardown with PASS status.</doc>
<arguments>
<arg>This test passsed</arg>
</arguments>
<msg timestamp="20201022 18:10:53.141" level="INFO">Execution passed with message:
This test passsed</msg>
<status status="PASS" starttime="20201022 18:10:53.141" endtime="20201022 18:10:53.141"></status>
</kw>
<status status="PASS" starttime="20201022 18:10:53.141" endtime="20201022 18:10:53.141" critical="yes">This test passsed</status>
</test>
<test id="s1-s1-t45" name="Test - 45">
<kw name="Pass Execution" library="BuiltIn">
<doc>Skips rest of the current test, setup, or teardown with PASS status.</doc>
<arguments>
<arg>This test passsed</arg>
</arguments>
<msg timestamp="20201022 18:10:53.142" level="INFO">Execution passed with message:
This test passsed</msg>
<status status="PASS" starttime="20201022 18:10:53.142" endtime="20201022 18:10:53.142"></status>
</kw>
<status status="PASS" starttime="20201022 18:10:53.141" endtime="20201022 18:10:53.142" critical="yes">This test passsed</status>
</test>
<test id="s1-s1-t46" name="Test - 46">
<kw name="Pass Execution" library="BuiltIn">
<doc>Skips rest of the current test, setup, or teardown with PASS status.</doc>
<arguments>
<arg>This test passsed</arg>
</arguments>
<msg timestamp="20201022 18:10:53.143" level="INFO">Execution passed with message:
This test passsed</msg>
<status status="PASS" starttime="20201022 18:10:53.142" endtime="20201022 18:10:53.143"></status>
</kw>
<status status="PASS" starttime="20201022 18:10:53.142" endtime="20201022 18:10:53.143" critical="yes">This test passsed</status>
</test>
<test id="s1-s1-t47" name="Test - 47">
<kw name="Pass Execution" library="BuiltIn">
<doc>Skips rest of the current test, setup, or teardown with PASS status.</doc>
<arguments>
<arg>This test passsed</arg>
</arguments>
<msg timestamp="20201022 18:10:53.143" level="INFO">Execution passed with message:
This test passsed</msg>
<status status="PASS" starttime="20201022 18:10:53.143" endtime="20201022 18:10:53.143"></status>
</kw>
<status status="PASS" starttime="20201022 18:10:53.143" endtime="20201022 18:10:53.144" critical="yes">This test passsed</status>
</test>
<test id="s1-s1-t48" name="Test - 48">
<kw name="Pass Execution" library="BuiltIn">
<doc>Skips rest of the current test, setup, or teardown with PASS status.</doc>
<arguments>
<arg>This test passsed</arg>
</arguments>
<msg timestamp="20201022 18:10:53.144" level="INFO">Execution passed with message:
This test passsed</msg>
<status status="PASS" starttime="20201022 18:10:53.144" endtime="20201022 18:10:53.144"></status>
</kw>
<status status="PASS" starttime="20201022 18:10:53.144" endtime="20201022 18:10:53.144" critical="yes">This test passsed</status>
</test>
<test id="s1-s1-t49" name="Test - 49">
<kw name="Pass Execution" library="BuiltIn">
<doc>Skips rest of the current test, setup, or teardown with PASS status.</doc>
<arguments>
<arg>This test passsed</arg>
</arguments>
<msg timestamp="20201022 18:10:53.145" level="INFO">Execution passed with message:
This test passsed</msg>
<status status="PASS" starttime="20201022 18:10:53.145" endtime="20201022 18:10:53.145"></status>
</kw>
<status status="PASS" starttime="20201022 18:10:53.145" endtime="20201022 18:10:53.145" critical="yes">This test passsed</status>
</test>
<test id="s1-s1-t50" name="Test - 50">
<kw name="Pass Execution" library="BuiltIn">
<doc>Skips rest of the current test, setup, or teardown with PASS status.</doc>
<arguments>
<arg>This test passsed</arg>
</arguments>
<msg timestamp="20201022 18:10:53.146" level="INFO">Execution passed with message:
This test passsed</msg>
<status status="PASS" starttime="20201022 18:10:53.146" endtime="20201022 18:10:53.146"></status>
</kw>
<status status="PASS" starttime="20201022 18:10:53.145" endtime="20201022 18:10:53.146" critical="yes">This test passsed</status>
</test>
<test id="s1-s1-t51" name="Test - 51">
<kw name="Pass Execution" library="BuiltIn">
<doc>Skips rest of the current test, setup, or teardown with PASS status.</doc>
<arguments>
<arg>This test passsed</arg>
</arguments>
<msg timestamp="20201022 18:10:53.146" level="INFO">Execution passed with message:
This test passsed</msg>
<status status="PASS" starttime="20201022 18:10:53.146" endtime="20201022 18:10:53.147"></status>
</kw>
<status status="PASS" starttime="20201022 18:10:53.146" endtime="20201022 18:10:53.147" critical="yes">This test passsed</status>
</test>
<test id="s1-s1-t52" name="Test - 52">
<kw name="Pass Execution" library="BuiltIn">
<doc>Skips rest of the current test, setup, or teardown with PASS status.</doc>
<arguments>
<arg>This test passsed</arg>
</arguments>
<msg timestamp="20201022 18:10:53.147" level="INFO">Execution passed with message:
This test passsed</msg>
<status status="PASS" starttime="20201022 18:10:53.147" endtime="20201022 18:10:53.147"></status>
</kw>
<status status="PASS" starttime="20201022 18:10:53.147" endtime="20201022 18:10:53.147" critical="yes">This test passsed</status>
</test>
<test id="s1-s1-t53" name="Test - 53">
<kw name="Pass Execution" library="BuiltIn">
<doc>Skips rest of the current test, setup, or teardown with PASS status.</doc>
<arguments>
<arg>This test passsed</arg>
</arguments>
<msg timestamp="20201022 18:10:53.148" level="INFO">Execution passed with message:
This test passsed</msg>
<status status="PASS" starttime="20201022 18:10:53.148" endtime="20201022 18:10:53.148"></status>
</kw>
<status status="PASS" starttime="20201022 18:10:53.148" endtime="20201022 18:10:53.148" critical="yes">This test passsed</status>
</test>
<test id="s1-s1-t54" name="Test - 54">
<kw name="Pass Execution" library="BuiltIn">
<doc>Skips rest of the current test, setup, or teardown with PASS status.</doc>
<arguments>
<arg>This test passsed</arg>
</arguments>
<msg timestamp="20201022 18:10:53.149" level="INFO">Execution passed with message:
This test passsed</msg>
<status status="PASS" starttime="20201022 18:10:53.149" endtime="20201022 18:10:53.149"></status>
</kw>
<status status="PASS" starttime="20201022 18:10:53.148" endtime="20201022 18:10:53.149" critical="yes">This test passsed</status>
</test>
<test id="s1-s1-t55" name="Test - 55">
<kw name="Pass Execution" library="BuiltIn">
<doc>Skips rest of the current test, setup, or teardown with PASS status.</doc>
<arguments>
<arg>This test passsed</arg>
</arguments>
<msg timestamp="20201022 18:10:53.150" level="INFO">Execution passed with message:
This test passsed</msg>
<status status="PASS" starttime="20201022 18:10:53.149" endtime="20201022 18:10:53.150"></status>
</kw>
<status status="PASS" starttime="20201022 18:10:53.149" endtime="20201022 18:10:53.150" critical="yes">This test passsed</status>
</test>
<test id="s1-s1-t56" name="Test - 56">
<kw name="Pass Execution" library="BuiltIn">
<doc>Skips rest of the current test, setup, or teardown with PASS status.</doc>
<arguments>
<arg>This test passsed</arg>
</arguments>
<msg timestamp="20201022 18:10:53.150" level="INFO">Execution passed with message:
This test passsed</msg>
<status status="PASS" starttime="20201022 18:10:53.150" endtime="20201022 18:10:53.151"></status>
</kw>
<status status="PASS" starttime="20201022 18:10:53.150" endtime="20201022 18:10:53.151" critical="yes">This test passsed</status>
</test>
<test id="s1-s1-t57" name="Test - 57">
<kw name="Pass Execution" library="BuiltIn">
<doc>Skips rest of the current test, setup, or teardown with PASS status.</doc>
<arguments>
<arg>This test passsed</arg>
</arguments>
<msg timestamp="20201022 18:10:53.151" level="INFO">Execution passed with message:
This test passsed</msg>
<status status="PASS" starttime="20201022 18:10:53.151" endtime="20201022 18:10:53.151"></status>
</kw>
<status status="PASS" starttime="20201022 18:10:53.151" endtime="20201022 18:10:53.151" critical="yes">This test passsed</status>
</test>
<test id="s1-s1-t58" name="Test - 58">
<kw name="Pass Execution" library="BuiltIn">
<doc>Skips rest of the current test, setup, or teardown with PASS status.</doc>
<arguments>
<arg>This test passsed</arg>
</arguments>
<msg timestamp="20201022 18:10:53.152" level="INFO">Execution passed with message:
This test passsed</msg>
<status status="PASS" starttime="20201022 18:10:53.152" endtime="20201022 18:10:53.152"></status>
</kw>
<status status="PASS" starttime="20201022 18:10:53.152" endtime="20201022 18:10:53.152" critical="yes">This test passsed</status>
</test>
<test id="s1-s1-t59" name="Test - 59">
<kw name="Pass Execution" library="BuiltIn">
<doc>Skips rest of the current test, setup, or teardown with PASS status.</doc>
<arguments>
<arg>This test passsed</arg>
</arguments>
<msg timestamp="20201022 18:10:53.153" level="INFO">Execution passed with message:
This test passsed</msg>
<status status="PASS" starttime="20201022 18:10:53.153" endtime="20201022 18:10:53.153"></status>
</kw>
<status status="PASS" starttime="20201022 18:10:53.153" endtime="20201022 18:10:53.153" critical="yes">This test passsed</status>
</test>
<test id="s1-s1-t60" name="Test - 60">
<kw name="Pass Execution" library="BuiltIn">
<doc>Skips rest of the current test, setup, or teardown with PASS status.</doc>
<arguments>
<arg>This test passsed</arg>
</arguments>
<msg timestamp="20201022 18:10:53.154" level="INFO">Execution passed with message:
This test passsed</msg>
<status status="PASS" starttime="20201022 18:10:53.154" endtime="20201022 18:10:53.154"></status>
</kw>
<status status="PASS" starttime="20201022 18:10:53.154" endtime="20201022 18:10:53.154" critical="yes">This test passsed</status>
</test>
<test id="s1-s1-t61" name="Test - 61">
<kw name="Pass Execution" library="BuiltIn">
<doc>Skips rest of the current test, setup, or teardown with PASS status.</doc>
<arguments>
<arg>This test passsed</arg>
</arguments>
<msg timestamp="20201022 18:10:53.155" level="INFO">Execution passed with message:
This test passsed</msg>
<status status="PASS" starttime="20201022 18:10:53.155" endtime="20201022 18:10:53.155"></status>
</kw>
<status status="PASS" starttime="20201022 18:10:53.154" endtime="20201022 18:10:53.155" critical="yes">This test passsed</status>
</test>
<test id="s1-s1-t62" name="Test - 62">
<kw name="Pass Execution" library="BuiltIn">
<doc>Skips rest of the current test, setup, or teardown with PASS status.</doc>
<arguments>
<arg>This test passsed</arg>
</arguments>
<msg timestamp="20201022 18:10:53.155" level="INFO">Execution passed with message:
This test passsed</msg>
<status status="PASS" starttime="20201022 18:10:53.155" endtime="20201022 18:10:53.155"></status>
</kw>
<status status="PASS" starttime="20201022 18:10:53.155" endtime="20201022 18:10:53.156" critical="yes">This test passsed</status>
</test>
<test id="s1-s1-t63" name="Test - 63">
<kw name="Pass Execution" library="BuiltIn">
<doc>Skips rest of the current test, setup, or teardown with PASS status.</doc>
<arguments>
<arg>This test passsed</arg>
</arguments>
<msg timestamp="20201022 18:10:53.156" level="INFO">Execution passed with message:
This test passsed</msg>
<status status="PASS" starttime="20201022 18:10:53.156" endtime="20201022 18:10:53.156"></status>
</kw>
<status status="PASS" starttime="20201022 18:10:53.156" endtime="20201022 18:10:53.156" critical="yes">This test passsed</status>
</test>
<test id="s1-s1-t64" name="Test - 64">
<kw name="Pass Execution" library="BuiltIn">
<doc>Skips rest of the current test, setup, or teardown with PASS status.</doc>
<arguments>
<arg>This test passsed</arg>
</arguments>
<msg timestamp="20201022 18:10:53.157" level="INFO">Execution passed with message:
This test passsed</msg>
<status status="PASS" starttime="20201022 18:10:53.157" endtime="20201022 18:10:53.157"></status>
</kw>
<status status="PASS" starttime="20201022 18:10:53.157" endtime="20201022 18:10:53.157" critical="yes">This test passsed</status>
</test>
<test id="s1-s1-t65" name="Test - 65">
<kw name="Pass Execution" library="BuiltIn">
<doc>Skips rest of the current test, setup, or teardown with PASS status.</doc>
<arguments>
<arg>This test passsed</arg>
</arguments>
<msg timestamp="20201022 18:10:53.158" level="INFO">Execution passed with message:
This test passsed</msg>
<status status="PASS" starttime="20201022 18:10:53.158" endtime="20201022 18:10:53.158"></status>
</kw>
<status status="PASS" starttime="20201022 18:10:53.157" endtime="20201022 18:10:53.158" critical="yes">This test passsed</status>
</test>
<test id="s1-s1-t66" name="Test - 66">
<kw name="Pass Execution" library="BuiltIn">
<doc>Skips rest of the current test, setup, or teardown with PASS status.</doc>
<arguments>
<arg>This test passsed</arg>
</arguments>
<msg timestamp="20201022 18:10:53.159" level="INFO">Execution passed with message:
This test passsed</msg>
<status status="PASS" starttime="20201022 18:10:53.158" endtime="20201022 18:10:53.159"></status>
</kw>
<status status="PASS" starttime="20201022 18:10:53.158" endtime="20201022 18:10:53.159" critical="yes">This test passsed</status>
</test>
<test id="s1-s1-t67" name="Test - 67">
<kw name="Pass Execution" library="BuiltIn">
<doc>Skips rest of the current test, setup, or teardown with PASS status.</doc>
<arguments>
<arg>This test passsed</arg>
</arguments>
<msg timestamp="20201022 18:10:53.159" level="INFO">Execution passed with message:
This test passsed</msg>
<status status="PASS" starttime="20201022 18:10:53.159" endtime="20201022 18:10:53.159"></status>
</kw>
<status status="PASS" starttime="20201022 18:10:53.159" endtime="20201022 18:10:53.160" critical="yes">This test passsed</status>
</test>
<test id="s1-s1-t68" name="Test - 68">
<kw name="Pass Execution" library="BuiltIn">
<doc>Skips rest of the current test, setup, or teardown with PASS status.</doc>
<arguments>
<arg>This test passsed</arg>
</arguments>
<msg timestamp="20201022 18:10:53.160" level="INFO">Execution passed with message:
This test passsed</msg>
<status status="PASS" starttime="20201022 18:10:53.160" endtime="20201022 18:10:53.160"></status>
</kw>
<status status="PASS" starttime="20201022 18:10:53.160" endtime="20201022 18:10:53.160" critical="yes">This test passsed</status>
</test>
<test id="s1-s1-t69" name="Test - 69">
<kw name="Pass Execution" library="BuiltIn">
<doc>Skips rest of the current test, setup, or teardown with PASS status.</doc>
<arguments>
<arg>This test passsed</arg>
</arguments>
<msg timestamp="20201022 18:10:53.161" level="INFO">Execution passed with message:
This test passsed</msg>
<status status="PASS" starttime="20201022 18:10:53.161" endtime="20201022 18:10:53.161"></status>
</kw>
<status status="PASS" starttime="20201022 18:10:53.161" endtime="20201022 18:10:53.161" critical="yes">This test passsed</status>
</test>
<test id="s1-s1-t70" name="Test - 70">
<kw name="Pass Execution" library="BuiltIn">
<doc>Skips rest of the current test, setup, or teardown with PASS status.</doc>
<arguments>
<arg>This test passsed</arg>
</arguments>
<msg timestamp="20201022 18:10:53.162" level="INFO">Execution passed with message:
This test passsed</msg>
<status status="PASS" starttime="20201022 18:10:53.162" endtime="20201022 18:10:53.162"></status>
</kw>
<status status="PASS" starttime="20201022 18:10:53.161" endtime="20201022 18:10:53.162" critical="yes">This test passsed</status>
</test>
<test id="s1-s1-t71" name="Test - 71">
<kw name="Pass Execution" library="BuiltIn">
<doc>Skips rest of the current test, setup, or teardown with PASS status.</doc>
<arguments>
<arg>This test passsed</arg>
</arguments>
<msg timestamp="20201022 18:10:53.163" level="INFO">Execution passed with message:
This test passsed</msg>
<status status="PASS" starttime="20201022 18:10:53.162" endtime="20201022 18:10:53.163"></status>
</kw>
<status status="PASS" starttime="20201022 18:10:53.162" endtime="20201022 18:10:53.163" critical="yes">This test passsed</status>
</test>
<test id="s1-s1-t72" name="Test - 72">
<kw name="Pass Execution" library="BuiltIn">
<doc>Skips rest of the current test, setup, or teardown with PASS status.</doc>
<arguments>
<arg>This test passsed</arg>
</arguments>
<msg timestamp="20201022 18:10:53.163" level="INFO">Execution passed with message:
This test passsed</msg>
<status status="PASS" starttime="20201022 18:10:53.163" endtime="20201022 18:10:53.163"></status>
</kw>
<status status="PASS" starttime="20201022 18:10:53.163" endtime="20201022 18:10:53.164" critical="yes">This test passsed</status>
</test>
<test id="s1-s1-t73" name="Test - 73">
<kw name="Pass Execution" library="BuiltIn">
<doc>Skips rest of the current test, setup, or teardown with PASS status.</doc>
<arguments>
<arg>This test passsed</arg>
</arguments>
<msg timestamp="20201022 18:10:53.164" level="INFO">Execution passed with message:
This test passsed</msg>
<status status="PASS" starttime="20201022 18:10:53.164" endtime="20201022 18:10:53.164"></status>
</kw>
<status status="PASS" starttime="20201022 18:10:53.164" endtime="20201022 18:10:53.164" critical="yes">This test passsed</status>
</test>
<test id="s1-s1-t74" name="Test - 74">
<kw name="Pass Execution" library="BuiltIn">
<doc>Skips rest of the current test, setup, or teardown with PASS status.</doc>
<arguments>
<arg>This test passsed</arg>
</arguments>
<msg timestamp="20201022 18:10:53.165" level="INFO">Execution passed with message:
This test passsed</msg>
<status status="PASS" starttime="20201022 18:10:53.165" endtime="20201022 18:10:53.165"></status>
</kw>
<status status="PASS" starttime="20201022 18:10:53.165" endtime="20201022 18:10:53.165" critical="yes">This test passsed</status>
</test>
<test id="s1-s1-t75" name="Test - 75">
<kw name="Pass Execution" library="BuiltIn">
<doc>Skips rest of the current test, setup, or teardown with PASS status.</doc>
<arguments>
<arg>This test passsed</arg>
</arguments>
<msg timestamp="20201022 18:10:53.166" level="INFO">Execution passed with message:
This test passsed</msg>
<status status="PASS" starttime="20201022 18:10:53.166" endtime="20201022 18:10:53.166"></status>
</kw>
<status status="PASS" starttime="20201022 18:10:53.166" endtime="20201022 18:10:53.166" critical="yes">This test passsed</status>
</test>
<test id="s1-s1-t76" name="Test - 76">
<kw name="Pass Execution" library="BuiltIn">
<doc>Skips rest of the current test, setup, or teardown with PASS status.</doc>
<arguments>
<arg>This test passsed</arg>
</arguments>
<msg timestamp="20201022 18:10:53.167" level="INFO">Execution passed with message:
This test passsed</msg>
<status status="PASS" starttime="20201022 18:10:53.167" endtime="20201022 18:10:53.167"></status>
</kw>
<status status="PASS" starttime="20201022 18:10:53.166" endtime="20201022 18:10:53.167" critical="yes">This test passsed</status>
</test>
<test id="s1-s1-t77" name="Test - 77">
<kw name="Pass Execution" library="BuiltIn">
<doc>Skips rest of the current test, setup, or teardown with PASS status.</doc>
<arguments>
<arg>This test passsed</arg>
</arguments>
<msg timestamp="20201022 18:10:53.168" level="INFO">Execution passed with message:
This test passsed</msg>
<status status="PASS" starttime="20201022 18:10:53.167" endtime="20201022 18:10:53.168"></status>
</kw>
<status status="PASS" starttime="20201022 18:10:53.167" endtime="20201022 18:10:53.168" critical="yes">This test passsed</status>
</test>
<test id="s1-s1-t78" name="Test - 78">
<kw name="Pass Execution" library="BuiltIn">
<doc>Skips rest of the current test, setup, or teardown with PASS status.</doc>
<arguments>
<arg>This test passsed</arg>
</arguments>
<msg timestamp="20201022 18:10:53.168" level="INFO">Execution passed with message:
This test passsed</msg>
<status status="PASS" starttime="20201022 18:10:53.168" endtime="20201022 18:10:53.168"></status>
</kw>
<status status="PASS" starttime="20201022 18:10:53.168" endtime="20201022 18:10:53.169" critical="yes">This test passsed</status>
</test>
<test id="s1-s1-t79" name="Test - 79">
<kw name="Pass Execution" library="BuiltIn">
<doc>Skips rest of the current test, setup, or teardown with PASS status.</doc>
<arguments>
<arg>This test passsed</arg>
</arguments>
<msg timestamp="20201022 18:10:53.169" level="INFO">Execution passed with message:
This test passsed</msg>
<status status="PASS" starttime="20201022 18:10:53.169" endtime="20201022 18:10:53.169"></status>
</kw>
<status status="PASS" starttime="20201022 18:10:53.169" endtime="20201022 18:10:53.169" critical="yes">This test passsed</status>
</test>
<test id="s1-s1-t80" name="Test - 80">
<kw name="Pass Execution" library="BuiltIn">
<doc>Skips rest of the current test, setup, or teardown with PASS status.</doc>
<arguments>
<arg>This test passsed</arg>
</arguments>
<msg timestamp="20201022 18:10:53.170" level="INFO">Execution passed with message:
This test passsed</msg>
<status status="PASS" starttime="20201022 18:10:53.170" endtime="20201022 18:10:53.170"></status>
</kw>
<status status="PASS" starttime="20201022 18:10:53.170" endtime="20201022 18:10:53.170" critical="yes">This test passsed</status>
</test>
<test id="s1-s1-t81" name="Test - 81">
<kw name="Pass Execution" library="BuiltIn">
<doc>Skips rest of the current test, setup, or teardown with PASS status.</doc>
<arguments>
<arg>This test passsed</arg>
</arguments>
<msg timestamp="20201022 18:10:53.171" level="INFO">Execution passed with message:
This test passsed</msg>
<status status="PASS" starttime="20201022 18:10:53.171" endtime="20201022 18:10:53.171"></status>
</kw>
<status status="PASS" starttime="20201022 18:10:53.170" endtime="20201022 18:10:53.171" critical="yes">This test passsed</status>
</test>
<test id="s1-s1-t82" name="Test - 82">
<kw name="Pass Execution" library="BuiltIn">
<doc>Skips rest of the current test, setup, or teardown with PASS status.</doc>
<arguments>
<arg>This test passsed</arg>
</arguments>
<msg timestamp="20201022 18:10:53.171" level="INFO">Execution passed with message:
This test passsed</msg>
<status status="PASS" starttime="20201022 18:10:53.171" endtime="20201022 18:10:53.172"></status>
</kw>
<status status="PASS" starttime="20201022 18:10:53.171" endtime="20201022 18:10:53.172" critical="yes">This test passsed</status>
</test>
<test id="s1-s1-t83" name="Test - 83">
<kw name="Pass Execution" library="BuiltIn">
<doc>Skips rest of the current test, setup, or teardown with PASS status.</doc>
<arguments>
<arg>This test passsed</arg>
</arguments>
<msg timestamp="20201022 18:10:53.172" level="INFO">Execution passed with message:
This test passsed</msg>
<status status="PASS" starttime="20201022 18:10:53.172" endtime="20201022 18:10:53.172"></status>
</kw>
<status status="PASS" starttime="20201022 18:10:53.172" endtime="20201022 18:10:53.172" critical="yes">This test passsed</status>
</test>
<test id="s1-s1-t84" name="Test - 84">
<kw name="Pass Execution" library="BuiltIn">
<doc>Skips rest of the current test, setup, or teardown with PASS status.</doc>
<arguments>
<arg>This test passsed</arg>
</arguments>
<msg timestamp="20201022 18:10:53.173" level="INFO">Execution passed with message:
This test passsed</msg>
<status status="PASS" starttime="20201022 18:10:53.173" endtime="20201022 18:10:53.173"></status>
</kw>
<status status="PASS" starttime="20201022 18:10:53.173" endtime="20201022 18:10:53.174" critical="yes">This test passsed</status>
</test>
<test id="s1-s1-t85" name="Test - 85">
<kw name="Pass Execution" library="BuiltIn">
<doc>Skips rest of the current test, setup, or teardown with PASS status.</doc>
<arguments>
<arg>This test passsed</arg>
</arguments>
<msg timestamp="20201022 18:10:53.174" level="INFO">Execution passed with message:
This test passsed</msg>
<status status="PASS" starttime="20201022 18:10:53.174" endtime="20201022 18:10:53.174"></status>
</kw>
<status status="PASS" starttime="20201022 18:10:53.174" endtime="20201022 18:10:53.175" critical="yes">This test passsed</status>
</test>
<test id="s1-s1-t86" name="Test - 86">
<kw name="Pass Execution" library="BuiltIn">
<doc>Skips rest of the current test, setup, or teardown with PASS status.</doc>
<arguments>
<arg>This test passsed</arg>
</arguments>
<msg timestamp="20201022 18:10:53.176" level="INFO">Execution passed with message:
This test passsed</msg>
<status status="PASS" starttime="20201022 18:10:53.176" endtime="20201022 18:10:53.176"></status>
</kw>
<status status="PASS" starttime="20201022 18:10:53.175" endtime="20201022 18:10:53.176" critical="yes">This test passsed</status>
</test>
<test id="s1-s1-t87" name="Test - 87">
<kw name="Pass Execution" library="BuiltIn">
<doc>Skips rest of the current test, setup, or teardown with PASS status.</doc>
<arguments>
<arg>This test passsed</arg>
</arguments>
<msg timestamp="20201022 18:10:53.178" level="INFO">Execution passed with message:
This test passsed</msg>
<status status="PASS" starttime="20201022 18:10:53.177" endtime="20201022 18:10:53.178"></status>
</kw>
<status status="PASS" starttime="20201022 18:10:53.177" endtime="20201022 18:10:53.179" critical="yes">This test passsed</status>
</test>
<test id="s1-s1-t88" name="Test - 88">
<kw name="Pass Execution" library="BuiltIn">
<doc>Skips rest of the current test, setup, or teardown with PASS status.</doc>
<arguments>
<arg>This test passsed</arg>
</arguments>
<msg timestamp="20201022 18:10:53.180" level="INFO">Execution passed with message:
This test passsed</msg>
<status status="PASS" starttime="20201022 18:10:53.180" endtime="20201022 18:10:53.180"></status>
</kw>
<status status="PASS" starttime="20201022 18:10:53.179" endtime="20201022 18:10:53.181" critical="yes">This test passsed</status>
</test>
<test id="s1-s1-t89" name="Test - 89">
<kw name="Pass Execution" library="BuiltIn">
<doc>Skips rest of the current test, setup, or teardown with PASS status.</doc>
<arguments>
<arg>This test passsed</arg>
</arguments>
<msg timestamp="20201022 18:10:53.183" level="INFO">Execution passed with message:
This test passsed</msg>
<status status="PASS" starttime="20201022 18:10:53.182" endtime="20201022 18:10:53.183"></status>
</kw>
<status status="PASS" starttime="20201022 18:10:53.181" endtime="20201022 18:10:53.183" critical="yes">This test passsed</status>
</test>
<test id="s1-s1-t90" name="Test - 90">
<kw name="Pass Execution" library="BuiltIn">
<doc>Skips rest of the current test, setup, or teardown with PASS status.</doc>
<arguments>
<arg>This test passsed</arg>
</arguments>
<msg timestamp="20201022 18:10:53.184" level="INFO">Execution passed with message:
This test passsed</msg>
<status status="PASS" starttime="20201022 18:10:53.184" endtime="20201022 18:10:53.184"></status>
</kw>
<status status="PASS" starttime="20201022 18:10:53.184" endtime="20201022 18:10:53.185" critical="yes">This test passsed</status>
</test>
<test id="s1-s1-t91" name="Test - 91">
<kw name="Pass Execution" library="BuiltIn">
<doc>Skips rest of the current test, setup, or teardown with PASS status.</doc>
<arguments>
<arg>This test passsed</arg>
</arguments>
<msg timestamp="20201022 18:10:53.186" level="INFO">Execution passed with message:
This test passsed</msg>
<status status="PASS" starttime="20201022 18:10:53.185" endtime="20201022 18:10:53.186"></status>
</kw>
<status status="PASS" starttime="20201022 18:10:53.185" endtime="20201022 18:10:53.186" critical="yes">This test passsed</status>
</test>
<test id="s1-s1-t92" name="Test - 92">
<kw name="Pass Execution" library="BuiltIn">
<doc>Skips rest of the current test, setup, or teardown with PASS status.</doc>
<arguments>
<arg>This test passsed</arg>
</arguments>
<msg timestamp="20201022 18:10:53.187" level="INFO">Execution passed with message:
This test passsed</msg>
<status status="PASS" starttime="20201022 18:10:53.187" endtime="20201022 18:10:53.187"></status>
</kw>
<status status="PASS" starttime="20201022 18:10:53.186" endtime="20201022 18:10:53.187" critical="yes">This test passsed</status>
</test>
<test id="s1-s1-t93" name="Test - 93">
<kw name="Pass Execution" library="BuiltIn">
<doc>Skips rest of the current test, setup, or teardown with PASS status.</doc>
<arguments>
<arg>This test passsed</arg>
</arguments>
<msg timestamp="20201022 18:10:53.188" level="INFO">Execution passed with message:
This test passsed</msg>
<status status="PASS" starttime="20201022 18:10:53.188" endtime="20201022 18:10:53.188"></status>
</kw>
<status status="PASS" starttime="20201022 18:10:53.187" endtime="20201022 18:10:53.188" critical="yes">This test passsed</status>
</test>
<test id="s1-s1-t94" name="Test - 94">
<kw name="Pass Execution" library="BuiltIn">
<doc>Skips rest of the current test, setup, or teardown with PASS status.</doc>
<arguments>
<arg>This test passsed</arg>
</arguments>
<msg timestamp="20201022 18:10:53.189" level="INFO">Execution passed with message:
This test passsed</msg>
<status status="PASS" starttime="20201022 18:10:53.188" endtime="20201022 18:10:53.189"></status>
</kw>
<status status="PASS" starttime="20201022 18:10:53.188" endtime="20201022 18:10:53.189" critical="yes">This test passsed</status>
</test>
<test id="s1-s1-t95" name="Test - 95">
<kw name="Pass Execution" library="BuiltIn">
<doc>Skips rest of the current test, setup, or teardown with PASS status.</doc>
<arguments>
<arg>This test passsed</arg>
</arguments>
<msg timestamp="20201022 18:10:53.190" level="INFO">Execution passed with message:
This test passsed</msg>
<status status="PASS" starttime="20201022 18:10:53.189" endtime="20201022 18:10:53.190"></status>
</kw>
<status status="PASS" starttime="20201022 18:10:53.189" endtime="20201022 18:10:53.190" critical="yes">This test passsed</status>
</test>
<test id="s1-s1-t96" name="Test - 96">
<kw name="Pass Execution" library="BuiltIn">
<doc>Skips rest of the current test, setup, or teardown with PASS status.</doc>
<arguments>
<arg>This test passsed</arg>
</arguments>
<msg timestamp="20201022 18:10:53.190" level="INFO">Execution passed with message:
This test passsed</msg>
<status status="PASS" starttime="20201022 18:10:53.190" endtime="20201022 18:10:53.191"></status>
</kw>
<status status="PASS" starttime="20201022 18:10:53.190" endtime="20201022 18:10:53.191" critical="yes">This test passsed</status>
</test>
<test id="s1-s1-t97" name="Test - 97">
<kw name="Pass Execution" library="BuiltIn">
<doc>Skips rest of the current test, setup, or teardown with PASS status.</doc>
<arguments>
<arg>This test passsed</arg>
</arguments>
<msg timestamp="20201022 18:10:53.191" level="INFO">Execution passed with message:
This test passsed</msg>
<status status="PASS" starttime="20201022 18:10:53.191" endtime="20201022 18:10:53.191"></status>
</kw>
<status status="PASS" starttime="20201022 18:10:53.191" endtime="20201022 18:10:53.192" critical="yes">This test passsed</status>
</test>
<test id="s1-s1-t98" name="Test - 98">
<kw name="Pass Execution" library="BuiltIn">
<doc>Skips rest of the current test, setup, or teardown with PASS status.</doc>
<arguments>
<arg>This test passsed</arg>
</arguments>
<msg timestamp="20201022 18:10:53.192" level="INFO">Execution passed with message:
This test passsed</msg>
<status status="PASS" starttime="20201022 18:10:53.192" endtime="20201022 18:10:53.193"></status>
</kw>
<status status="PASS" starttime="20201022 18:10:53.192" endtime="20201022 18:10:53.193" critical="yes">This test passsed</status>
</test>
<test id="s1-s1-t99" name="Test - 99">
<kw name="Pass Execution" library="BuiltIn">
<doc>Skips rest of the current test, setup, or teardown with PASS status.</doc>
<arguments>
<arg>This test passsed</arg>
</arguments>
<msg timestamp="20201022 18:10:53.193" level="INFO">Execution passed with message:
This test passsed</msg>
<status status="PASS" starttime="20201022 18:10:53.193" endtime="20201022 18:10:53.194"></status>
</kw>
<status status="PASS" starttime="20201022 18:10:53.193" endtime="20201022 18:10:53.194" critical="yes">This test passsed</status>
</test>
<test id="s1-s1-t100" name="Test - 100">
<kw name="Pass Execution" library="BuiltIn">
<doc>Skips rest of the current test, setup, or teardown with PASS status.</doc>
<arguments>
<arg>This test passsed</arg>
</arguments>
<msg timestamp="20201022 18:10:53.194" level="INFO">Execution passed with message:
This test passsed</msg>
<status status="PASS" starttime="20201022 18:10:53.194" endtime="20201022 18:10:53.194"></status>
</kw>
<status status="PASS" starttime="20201022 18:10:53.194" endtime="20201022 18:10:53.195" critical="yes">This test passsed</status>
</test>
<test id="s1-s1-t101" name="Test - 101">
<kw name="Pass Execution" library="BuiltIn">
<doc>Skips rest of the current test, setup, or teardown with PASS status.</doc>
<arguments>
<arg>This test passsed</arg>
</arguments>
<msg timestamp="20201022 18:10:53.195" level="INFO">Execution passed with message:
This test passsed</msg>
<status status="PASS" starttime="20201022 18:10:53.195" endtime="20201022 18:10:53.195"></status>
</kw>
<status status="PASS" starttime="20201022 18:10:53.195" endtime="20201022 18:10:53.196" critical="yes">This test passsed</status>
</test>
<test id="s1-s1-t102" name="Test - 102">
<kw name="Pass Execution" library="BuiltIn">
<doc>Skips rest of the current test, setup, or teardown with PASS status.</doc>
<arguments>
<arg>This test passsed</arg>
</arguments>
<msg timestamp="20201022 18:10:53.196" level="INFO">Execution passed with message:
This test passsed</msg>
<status status="PASS" starttime="20201022 18:10:53.196" endtime="20201022 18:10:53.196"></status>
</kw>
<status status="PASS" starttime="20201022 18:10:53.196" endtime="20201022 18:10:53.196" critical="yes">This test passsed</status>
</test>
<test id="s1-s1-t103" name="Test - 103">
<kw name="Pass Execution" library="BuiltIn">
<doc>Skips rest of the current test, setup, or teardown with PASS status.</doc>
<arguments>
<arg>This test passsed</arg>
</arguments>
<msg timestamp="20201022 18:10:53.197" level="INFO">Execution passed with message:
This test passsed</msg>
<status status="PASS" starttime="20201022 18:10:53.197" endtime="20201022 18:10:53.197"></status>
</kw>
<status status="PASS" starttime="20201022 18:10:53.197" endtime="20201022 18:10:53.197" critical="yes">This test passsed</status>
</test>
<test id="s1-s1-t104" name="Test - 104">
<kw name="Pass Execution" library="BuiltIn">
<doc>Skips rest of the current test, setup, or teardown with PASS status.</doc>
<arguments>
<arg>This test passsed</arg>
</arguments>
<msg timestamp="20201022 18:10:53.198" level="INFO">Execution passed with message:
This test passsed</msg>
<status status="PASS" starttime="20201022 18:10:53.198" endtime="20201022 18:10:53.198"></status>
</kw>
<status status="PASS" starttime="20201022 18:10:53.198" endtime="20201022 18:10:53.198" critical="yes">This test passsed</status>
</test>
<test id="s1-s1-t105" name="Test - 105">
<kw name="Pass Execution" library="BuiltIn">
<doc>Skips rest of the current test, setup, or teardown with PASS status.</doc>
<arguments>
<arg>This test passsed</arg>
</arguments>
<msg timestamp="20201022 18:10:53.199" level="INFO">Execution passed with message:
This test passsed</msg>
<status status="PASS" starttime="20201022 18:10:53.199" endtime="20201022 18:10:53.199"></status>
</kw>
<status status="PASS" starttime="20201022 18:10:53.199" endtime="20201022 18:10:53.199" critical="yes">This test passsed</status>
</test>
<test id="s1-s1-t106" name="Test - 106">
<kw name="Pass Execution" library="BuiltIn">
<doc>Skips rest of the current test, setup, or teardown with PASS status.</doc>
<arguments>
<arg>This test passsed</arg>
</arguments>
<msg timestamp="20201022 18:10:53.200" level="INFO">Execution passed with message:
This test passsed</msg>
<status status="PASS" starttime="20201022 18:10:53.200" endtime="20201022 18:10:53.200"></status>
</kw>
<status status="PASS" starttime="20201022 18:10:53.200" endtime="20201022 18:10:53.200" critical="yes">This test passsed</status>
</test>
<test id="s1-s1-t107" name="Test - 107">
<kw name="Pass Execution" library="BuiltIn">
<doc>Skips rest of the current test, setup, or teardown with PASS status.</doc>
<arguments>
<arg>This test passsed</arg>
</arguments>
<msg timestamp="20201022 18:10:53.201" level="INFO">Execution passed with message:
This test passsed</msg>
<status status="PASS" starttime="20201022 18:10:53.201" endtime="20201022 18:10:53.201"></status>
</kw>
<status status="PASS" starttime="20201022 18:10:53.200" endtime="20201022 18:10:53.201" critical="yes">This test passsed</status>
</test>
<test id="s1-s1-t108" name="Test - 108">
<kw name="Pass Execution" library="BuiltIn">
<doc>Skips rest of the current test, setup, or teardown with PASS status.</doc>
<arguments>
<arg>This test passsed</arg>
</arguments>
<msg timestamp="20201022 18:10:53.202" level="INFO">Execution passed with message:
This test passsed</msg>
<status status="PASS" starttime="20201022 18:10:53.202" endtime="20201022 18:10:53.202"></status>
</kw>
<status status="PASS" starttime="20201022 18:10:53.201" endtime="20201022 18:10:53.202" critical="yes">This test passsed</status>
</test>
<test id="s1-s1-t109" name="Test - 109">
<kw name="Pass Execution" library="BuiltIn">
<doc>Skips rest of the current test, setup, or teardown with PASS status.</doc>
<arguments>
<arg>This test passsed</arg>
</arguments>
<msg timestamp="20201022 18:10:53.203" level="INFO">Execution passed with message:
This test passsed</msg>
<status status="PASS" starttime="20201022 18:10:53.202" endtime="20201022 18:10:53.203"></status>
</kw>
<status status="PASS" starttime="20201022 18:10:53.202" endtime="20201022 18:10:53.203" critical="yes">This test passsed</status>
</test>
<test id="s1-s1-t110" name="Test - 110">
<kw name="Pass Execution" library="BuiltIn">
<doc>Skips rest of the current test, setup, or teardown with PASS status.</doc>
<arguments>
<arg>This test passsed</arg>
</arguments>
<msg timestamp="20201022 18:10:53.203" level="INFO">Execution passed with message:
This test passsed</msg>
<status status="PASS" starttime="20201022 18:10:53.203" endtime="20201022 18:10:53.204"></status>
</kw>
<status status="PASS" starttime="20201022 18:10:53.203" endtime="20201022 18:10:53.204" critical="yes">This test passsed</status>
</test>
<test id="s1-s1-t111" name="Test - 111">
<kw name="Pass Execution" library="BuiltIn">
<doc>Skips rest of the current test, setup, or teardown with PASS status.</doc>
<arguments>
<arg>This test passsed</arg>
</arguments>
<msg timestamp="20201022 18:10:53.204" level="INFO">Execution passed with message:
This test passsed</msg>
<status status="PASS" starttime="20201022 18:10:53.204" endtime="20201022 18:10:53.204"></status>
</kw>
<status status="PASS" starttime="20201022 18:10:53.204" endtime="20201022 18:10:53.204" critical="yes">This test passsed</status>
</test>
<test id="s1-s1-t112" name="Test - 112">
<kw name="Pass Execution" library="BuiltIn">
<doc>Skips rest of the current test, setup, or teardown with PASS status.</doc>
<arguments>
<arg>This test passsed</arg>
</arguments>
<msg timestamp="20201022 18:10:53.205" level="INFO">Execution passed with message:
This test passsed</msg>
<status status="PASS" starttime="20201022 18:10:53.205" endtime="20201022 18:10:53.205"></status>
</kw>
<status status="PASS" starttime="20201022 18:10:53.205" endtime="20201022 18:10:53.205" critical="yes">This test passsed</status>
</test>
<test id="s1-s1-t113" name="Test - 113">
<kw name="Pass Execution" library="BuiltIn">
<doc>Skips rest of the current test, setup, or teardown with PASS status.</doc>
<arguments>
<arg>This test passsed</arg>
</arguments>
<msg timestamp="20201022 18:10:53.206" level="INFO">Execution passed with message:
This test passsed</msg>
<status status="PASS" starttime="20201022 18:10:53.206" endtime="20201022 18:10:53.206"></status>
</kw>
<status status="PASS" starttime="20201022 18:10:53.206" endtime="20201022 18:10:53.206" critical="yes">This test passsed</status>
</test>
<test id="s1-s1-t114" name="Test - 114">
<kw name="Pass Execution" library="BuiltIn">
<doc>Skips rest of the current test, setup, or teardown with PASS status.</doc>
<arguments>
<arg>This test passsed</arg>
</arguments>
<msg timestamp="20201022 18:10:53.207" level="INFO">Execution passed with message:
This test passsed</msg>
<status status="PASS" starttime="20201022 18:10:53.207" endtime="20201022 18:10:53.207"></status>
</kw>
<status status="PASS" starttime="20201022 18:10:53.207" endtime="20201022 18:10:53.207" critical="yes">This test passsed</status>
</test>
<test id="s1-s1-t115" name="Test - 115">
<kw name="Pass Execution" library="BuiltIn">
<doc>Skips rest of the current test, setup, or teardown with PASS status.</doc>
<arguments>
<arg>This test passsed</arg>
</arguments>
<msg timestamp="20201022 18:10:53.208" level="INFO">Execution passed with message:
This test passsed</msg>
<status status="PASS" starttime="20201022 18:10:53.208" endtime="20201022 18:10:53.208"></status>
</kw>
<status status="PASS" starttime="20201022 18:10:53.207" endtime="20201022 18:10:53.208" critical="yes">This test passsed</status>
</test>
<test id="s1-s1-t116" name="Test - 116">
<kw name="Pass Execution" library="BuiltIn">
<doc>Skips rest of the current test, setup, or teardown with PASS status.</doc>
<arguments>
<arg>This test passsed</arg>
</arguments>
<msg timestamp="20201022 18:10:53.209" level="INFO">Execution passed with message:
This test passsed</msg>
<status status="PASS" starttime="20201022 18:10:53.208" endtime="20201022 18:10:53.209"></status>
</kw>
<status status="PASS" starttime="20201022 18:10:53.208" endtime="20201022 18:10:53.209" critical="yes">This test passsed</status>
</test>
<test id="s1-s1-t117" name="Test - 117">
<kw name="Pass Execution" library="BuiltIn">
<doc>Skips rest of the current test, setup, or teardown with PASS status.</doc>
<arguments>
<arg>This test passsed</arg>
</arguments>
<msg timestamp="20201022 18:10:53.209" level="INFO">Execution passed with message:
This test passsed</msg>
<status status="PASS" starttime="20201022 18:10:53.209" endtime="20201022 18:10:53.209"></status>
</kw>
<status status="PASS" starttime="20201022 18:10:53.209" endtime="20201022 18:10:53.210" critical="yes">This test passsed</status>
</test>
<test id="s1-s1-t118" name="Test - 118">
<kw name="Pass Execution" library="BuiltIn">
<doc>Skips rest of the current test, setup, or teardown with PASS status.</doc>
<arguments>
<arg>This test passsed</arg>
</arguments>
<msg timestamp="20201022 18:10:53.210" level="INFO">Execution passed with message:
This test passsed</msg>
<status status="PASS" starttime="20201022 18:10:53.210" endtime="20201022 18:10:53.210"></status>
</kw>
<status status="PASS" starttime="20201022 18:10:53.210" endtime="20201022 18:10:53.210" critical="yes">This test passsed</status>
</test>
<test id="s1-s1-t119" name="Test - 119">
<kw name="Pass Execution" library="BuiltIn">
<doc>Skips rest of the current test, setup, or teardown with PASS status.</doc>
<arguments>
<arg>This test passsed</arg>
</arguments>
<msg timestamp="20201022 18:10:53.211" level="INFO">Execution passed with message:
This test passsed</msg>
<status status="PASS" starttime="20201022 18:10:53.211" endtime="20201022 18:10:53.211"></status>
</kw>
<status status="PASS" starttime="20201022 18:10:53.211" endtime="20201022 18:10:53.211" critical="yes">This test passsed</status>
</test>
<test id="s1-s1-t120" name="Test - 120">
<kw name="Pass Execution" library="BuiltIn">
<doc>Skips rest of the current test, setup, or teardown with PASS status.</doc>
<arguments>
<arg>This test passsed</arg>
</arguments>
<msg timestamp="20201022 18:10:53.212" level="INFO">Execution passed with message:
This test passsed</msg>
<status status="PASS" starttime="20201022 18:10:53.212" endtime="20201022 18:10:53.212"></status>
</kw>
<status status="PASS" starttime="20201022 18:10:53.211" endtime="20201022 18:10:53.212" critical="yes">This test passsed</status>
</test>
<test id="s1-s1-t121" name="Test - 121">
<kw name="Pass Execution" library="BuiltIn">
<doc>Skips rest of the current test, setup, or teardown with PASS status.</doc>
<arguments>
<arg>This test passsed</arg>
</arguments>
<msg timestamp="20201022 18:10:53.213" level="INFO">Execution passed with message:
This test passsed</msg>
<status status="PASS" starttime="20201022 18:10:53.212" endtime="20201022 18:10:53.213"></status>
</kw>
<status status="PASS" starttime="20201022 18:10:53.212" endtime="20201022 18:10:53.213" critical="yes">This test passsed</status>
</test>
<test id="s1-s1-t122" name="Test - 122">
<kw name="Pass Execution" library="BuiltIn">
<doc>Skips rest of the current test, setup, or teardown with PASS status.</doc>
<arguments>
<arg>This test passsed</arg>
</arguments>
<msg timestamp="20201022 18:10:53.213" level="INFO">Execution passed with message:
This test passsed</msg>
<status status="PASS" starttime="20201022 18:10:53.213" endtime="20201022 18:10:53.213"></status>
</kw>
<status status="PASS" starttime="20201022 18:10:53.213" endtime="20201022 18:10:53.213" critical="yes">This test passsed</status>
</test>
<test id="s1-s1-t123" name="Test - 123">
<kw name="Pass Execution" library="BuiltIn">
<doc>Skips rest of the current test, setup, or teardown with PASS status.</doc>
<arguments>
<arg>This test passsed</arg>
</arguments>
<msg timestamp="20201022 18:10:53.214" level="INFO">Execution passed with message:
This test passsed</msg>
<status status="PASS" starttime="20201022 18:10:53.214" endtime="20201022 18:10:53.214"></status>
</kw>
<status status="PASS" starttime="20201022 18:10:53.214" endtime="20201022 18:10:53.214" critical="yes">This test passsed</status>
</test>
<test id="s1-s1-t124" name="Test - 124">
<kw name="Pass Execution" library="BuiltIn">
<doc>Skips rest of the current test, setup, or teardown with PASS status.</doc>
<arguments>
<arg>This test passsed</arg>
</arguments>
<msg timestamp="20201022 18:10:53.215" level="INFO">Execution passed with message:
This test passsed</msg>
<status status="PASS" starttime="20201022 18:10:53.215" endtime="20201022 18:10:53.215"></status>
</kw>
<status status="PASS" starttime="20201022 18:10:53.215" endtime="20201022 18:10:53.215" critical="yes">This test passsed</status>
</test>
<test id="s1-s1-t125" name="Test - 125">
<kw name="Pass Execution" library="BuiltIn">
<doc>Skips rest of the current test, setup, or teardown with PASS status.</doc>
<arguments>
<arg>This test passsed</arg>
</arguments>
<msg timestamp="20201022 18:10:53.216" level="INFO">Execution passed with message:
This test passsed</msg>
<status status="PASS" starttime="20201022 18:10:53.216" endtime="20201022 18:10:53.216"></status>
</kw>
<status status="PASS" starttime="20201022 18:10:53.215" endtime="20201022 18:10:53.216" critical="yes">This test passsed</status>
</test>
<test id="s1-s1-t126" name="Test - 126">
<kw name="Pass Execution" library="BuiltIn">
<doc>Skips rest of the current test, setup, or teardown with PASS status.</doc>
<arguments>
<arg>This test passsed</arg>
</arguments>
<msg timestamp="20201022 18:10:53.217" level="INFO">Execution passed with message:
This test passsed</msg>
<status status="PASS" starttime="20201022 18:10:53.216" endtime="20201022 18:10:53.217"></status>
</kw>
<status status="PASS" starttime="20201022 18:10:53.216" endtime="20201022 18:10:53.217" critical="yes">This test passsed</status>
</test>
<test id="s1-s1-t127" name="Test - 127">
<kw name="Pass Execution" library="BuiltIn">
<doc>Skips rest of the current test, setup, or teardown with PASS status.</doc>
<arguments>
<arg>This test passsed</arg>
</arguments>
<msg timestamp="20201022 18:10:53.217" level="INFO">Execution passed with message:
This test passsed</msg>
<status status="PASS" starttime="20201022 18:10:53.217" endtime="20201022 18:10:53.217"></status>
</kw>
<status status="PASS" starttime="20201022 18:10:53.217" endtime="20201022 18:10:53.218" critical="yes">This test passsed</status>
</test>
<test id="s1-s1-t128" name="Test - 128">
<kw name="Pass Execution" library="BuiltIn">
<doc>Skips rest of the current test, setup, or teardown with PASS status.</doc>
<arguments>
<arg>This test passsed</arg>
</arguments>
<msg timestamp="20201022 18:10:53.218" level="INFO">Execution passed with message:
This test passsed</msg>
<status status="PASS" starttime="20201022 18:10:53.218" endtime="20201022 18:10:53.218"></status>
</kw>
<status status="PASS" starttime="20201022 18:10:53.218" endtime="20201022 18:10:53.218" critical="yes">This test passsed</status>
</test>
<test id="s1-s1-t129" name="Test - 129">
<kw name="Pass Execution" library="BuiltIn">
<doc>Skips rest of the current test, setup, or teardown with PASS status.</doc>
<arguments>
<arg>This test passsed</arg>
</arguments>
<msg timestamp="20201022 18:10:53.219" level="INFO">Execution passed with message:
This test passsed</msg>
<status status="PASS" starttime="20201022 18:10:53.219" endtime="20201022 18:10:53.219"></status>
</kw>
<status status="PASS" starttime="20201022 18:10:53.219" endtime="20201022 18:10:53.219" critical="yes">This test passsed</status>
</test>
<test id="s1-s1-t130" name="Test - 130">
<kw name="Pass Execution" library="BuiltIn">
<doc>Skips rest of the current test, setup, or teardown with PASS status.</doc>
<arguments>
<arg>This test passsed</arg>
</arguments>
<msg timestamp="20201022 18:10:53.220" level="INFO">Execution passed with message:
This test passsed</msg>
<status status="PASS" starttime="20201022 18:10:53.220" endtime="20201022 18:10:53.220"></status>
</kw>
<status status="PASS" starttime="20201022 18:10:53.219" endtime="20201022 18:10:53.220" critical="yes">This test passsed</status>
</test>
<test id="s1-s1-t131" name="Test - 131">
<kw name="Pass Execution" library="BuiltIn">
<doc>Skips rest of the current test, setup, or teardown with PASS status.</doc>
<arguments>
<arg>This test passsed</arg>
</arguments>
<msg timestamp="20201022 18:10:53.221" level="INFO">Execution passed with message:
This test passsed</msg>
<status status="PASS" starttime="20201022 18:10:53.220" endtime="20201022 18:10:53.221"></status>
</kw>
<status status="PASS" starttime="20201022 18:10:53.220" endtime="20201022 18:10:53.221" critical="yes">This test passsed</status>
</test>
<test id="s1-s1-t132" name="Test - 132">
<kw name="Pass Execution" library="BuiltIn">
<doc>Skips rest of the current test, setup, or teardown with PASS status.</doc>
<arguments>
<arg>This test passsed</arg>
</arguments>
<msg timestamp="20201022 18:10:53.221" level="INFO">Execution passed with message:
This test passsed</msg>
<status status="PASS" starttime="20201022 18:10:53.221" endtime="20201022 18:10:53.221"></status>
</kw>
<status status="PASS" starttime="20201022 18:10:53.221" endtime="20201022 18:10:53.222" critical="yes">This test passsed</status>
</test>
<test id="s1-s1-t133" name="Test - 133">
<kw name="Pass Execution" library="BuiltIn">
<doc>Skips rest of the current test, setup, or teardown with PASS status.</doc>
<arguments>
<arg>This test passsed</arg>
</arguments>
<msg timestamp="20201022 18:10:53.222" level="INFO">Execution passed with message:
This test passsed</msg>
<status status="PASS" starttime="20201022 18:10:53.222" endtime="20201022 18:10:53.222"></status>
</kw>
<status status="PASS" starttime="20201022 18:10:53.222" endtime="20201022 18:10:53.222" critical="yes">This test passsed</status>
</test>
<test id="s1-s1-t134" name="Test - 134">
<kw name="Pass Execution" library="BuiltIn">
<doc>Skips rest of the current test, setup, or teardown with PASS status.</doc>
<arguments>
<arg>This test passsed</arg>
</arguments>
<msg timestamp="20201022 18:10:53.223" level="INFO">Execution passed with message:
This test passsed</msg>
<status status="PASS" starttime="20201022 18:10:53.223" endtime="20201022 18:10:53.223"></status>
</kw>
<status status="PASS" starttime="20201022 18:10:53.223" endtime="20201022 18:10:53.223" critical="yes">This test passsed</status>
</test>
<test id="s1-s1-t135" name="Test - 135">
<kw name="Pass Execution" library="BuiltIn">
<doc>Skips rest of the current test, setup, or teardown with PASS status.</doc>
<arguments>
<arg>This test passsed</arg>
</arguments>
<msg timestamp="20201022 18:10:53.224" level="INFO">Execution passed with message:
This test passsed</msg>
<status status="PASS" starttime="20201022 18:10:53.224" endtime="20201022 18:10:53.224"></status>
</kw>
<status status="PASS" starttime="20201022 18:10:53.223" endtime="20201022 18:10:53.224" critical="yes">This test passsed</status>
</test>
<test id="s1-s1-t136" name="Test - 136">
<kw name="Pass Execution" library="BuiltIn">
<doc>Skips rest of the current test, setup, or teardown with PASS status.</doc>
<arguments>
<arg>This test passsed</arg>
</arguments>
<msg timestamp="20201022 18:10:53.225" level="INFO">Execution passed with message:
This test passsed</msg>
<status status="PASS" starttime="20201022 18:10:53.225" endtime="20201022 18:10:53.225"></status>
</kw>
<status status="PASS" starttime="20201022 18:10:53.224" endtime="20201022 18:10:53.225" critical="yes">This test passsed</status>
</test>
<test id="s1-s1-t137" name="Test - 137">
<kw name="Pass Execution" library="BuiltIn">
<doc>Skips rest of the current test, setup, or teardown with PASS status.</doc>
<arguments>
<arg>This test passsed</arg>
</arguments>
<msg timestamp="20201022 18:10:53.226" level="INFO">Execution passed with message:
This test passsed</msg>
<status status="PASS" starttime="20201022 18:10:53.226" endtime="20201022 18:10:53.226"></status>
</kw>
<status status="PASS" starttime="20201022 18:10:53.226" endtime="20201022 18:10:53.226" critical="yes">This test passsed</status>
</test>
<test id="s1-s1-t138" name="Test - 138">
<kw name="Pass Execution" library="BuiltIn">
<doc>Skips rest of the current test, setup, or teardown with PASS status.</doc>
<arguments>
<arg>This test passsed</arg>
</arguments>
<msg timestamp="20201022 18:10:53.228" level="INFO">Execution passed with message:
This test passsed</msg>
<status status="PASS" starttime="20201022 18:10:53.227" endtime="20201022 18:10:53.228"></status>
</kw>
<status status="PASS" starttime="20201022 18:10:53.227" endtime="20201022 18:10:53.228" critical="yes">This test passsed</status>
</test>
<test id="s1-s1-t139" name="Test - 139">
<kw name="Pass Execution" library="BuiltIn">
<doc>Skips rest of the current test, setup, or teardown with PASS status.</doc>
<arguments>
<arg>This test passsed</arg>
</arguments>
<msg timestamp="20201022 18:10:53.230" level="INFO">Execution passed with message:
This test passsed</msg>
<status status="PASS" starttime="20201022 18:10:53.229" endtime="20201022 18:10:53.230"></status>
</kw>
<status status="PASS" starttime="20201022 18:10:53.229" endtime="20201022 18:10:53.230" critical="yes">This test passsed</status>
</test>
<test id="s1-s1-t140" name="Test - 140">
<kw name="Pass Execution" library="BuiltIn">
<doc>Skips rest of the current test, setup, or teardown with PASS status.</doc>
<arguments>
<arg>This test passsed</arg>
</arguments>
<msg timestamp="20201022 18:10:53.232" level="INFO">Execution passed with message:
This test passsed</msg>
<status status="PASS" starttime="20201022 18:10:53.231" endtime="20201022 18:10:53.232"></status>
</kw>
<status status="PASS" starttime="20201022 18:10:53.231" endtime="20201022 18:10:53.233" critical="yes">This test passsed</status>
</test>
<test id="s1-s1-t141" name="Test - 141">
<kw name="Pass Execution" library="BuiltIn">
[...]
<arguments>
<arg>This Test Failed</arg>
</arguments>
<msg timestamp="20201022 18:10:54.186" level="FAIL">This Test Failed</msg>
<status status="FAIL" starttime="20201022 18:10:54.186" endtime="20201022 18:10:54.186"></status>
</kw>
<status status="FAIL" starttime="20201022 18:10:54.185" endtime="20201022 18:10:54.186" critical="yes">This Test Failed</status>
</test>
<test id="s1-s2-t515" name="Test - 515">
<kw name="Fail" library="BuiltIn">
<doc>Fails the test with the given message and optionally alters its tags.</doc>
<arguments>
<arg>This Test Failed</arg>
</arguments>
<msg timestamp="20201022 18:10:54.187" level="FAIL">This Test Failed</msg>
<status status="FAIL" starttime="20201022 18:10:54.187" endtime="20201022 18:10:54.187"></status>
</kw>
<status status="FAIL" starttime="20201022 18:10:54.186" endtime="20201022 18:10:54.188" critical="yes">This Test Failed</status>
</test>
<test id="s1-s2-t516" name="Test - 516">
<kw name="Fail" library="BuiltIn">
<doc>Fails the test with the given message and optionally alters its tags.</doc>
<arguments>
<arg>This Test Failed</arg>
</arguments>
<msg timestamp="20201022 18:10:54.188" level="FAIL">This Test Failed</msg>
<status status="FAIL" starttime="20201022 18:10:54.188" endtime="20201022 18:10:54.188"></status>
</kw>
<status status="FAIL" starttime="20201022 18:10:54.188" endtime="20201022 18:10:54.189" critical="yes">This Test Failed</status>
</test>
<test id="s1-s2-t517" name="Test - 517">
<kw name="Fail" library="BuiltIn">
<doc>Fails the test with the given message and optionally alters its tags.</doc>
<arguments>
<arg>This Test Failed</arg>
</arguments>
<msg timestamp="20201022 18:10:54.190" level="FAIL">This Test Failed</msg>
<status status="FAIL" starttime="20201022 18:10:54.189" endtime="20201022 18:10:54.190"></status>
</kw>
<status status="FAIL" starttime="20201022 18:10:54.189" endtime="20201022 18:10:54.190" critical="yes">This Test Failed</status>
</test>
<test id="s1-s2-t518" name="Test - 518">
<kw name="Fail" library="BuiltIn">
<doc>Fails the test with the given message and optionally alters its tags.</doc>
<arguments>
<arg>This Test Failed</arg>
</arguments>
<msg timestamp="20201022 18:10:54.191" level="FAIL">This Test Failed</msg>
<status status="FAIL" starttime="20201022 18:10:54.191" endtime="20201022 18:10:54.191"></status>
</kw>
<status status="FAIL" starttime="20201022 18:10:54.190" endtime="20201022 18:10:54.191" critical="yes">This Test Failed</status>
</test>
<test id="s1-s2-t519" name="Test - 519">
<kw name="Fail" library="BuiltIn">
<doc>Fails the test with the given message and optionally alters its tags.</doc>
<arguments>
<arg>This Test Failed</arg>
</arguments>
<msg timestamp="20201022 18:10:54.192" level="FAIL">This Test Failed</msg>
<status status="FAIL" starttime="20201022 18:10:54.192" endtime="20201022 18:10:54.192"></status>
</kw>
<status status="FAIL" starttime="20201022 18:10:54.191" endtime="20201022 18:10:54.192" critical="yes">This Test Failed</status>
</test>
<test id="s1-s2-t520" name="Test - 520">
<kw name="Fail" library="BuiltIn">
<doc>Fails the test with the given message and optionally alters its tags.</doc>
<arguments>
<arg>This Test Failed</arg>
</arguments>
<msg timestamp="20201022 18:10:54.193" level="FAIL">This Test Failed</msg>
<status status="FAIL" starttime="20201022 18:10:54.193" endtime="20201022 18:10:54.193"></status>
</kw>
<status status="FAIL" starttime="20201022 18:10:54.192" endtime="20201022 18:10:54.193" critical="yes">This Test Failed</status>
</test>
<test id="s1-s2-t521" name="Test - 521">
<kw name="Fail" library="BuiltIn">
<doc>Fails the test with the given message and optionally alters its tags.</doc>
<arguments>
<arg>This Test Failed</arg>
</arguments>
<msg timestamp="20201022 18:10:54.194" level="FAIL">This Test Failed</msg>
<status status="FAIL" starttime="20201022 18:10:54.194" endtime="20201022 18:10:54.194"></status>
</kw>
<status status="FAIL" starttime="20201022 18:10:54.193" endtime="20201022 18:10:54.194" critical="yes">This Test Failed</status>
</test>
<test id="s1-s2-t522" name="Test - 522">
<kw name="Fail" library="BuiltIn">
<doc>Fails the test with the given message and optionally alters its tags.</doc>
<arguments>
<arg>This Test Failed</arg>
</arguments>
<msg timestamp="20201022 18:10:54.195" level="FAIL">This Test Failed</msg>
<status status="FAIL" starttime="20201022 18:10:54.195" endtime="20201022 18:10:54.195"></status>
</kw>
<status status="FAIL" starttime="20201022 18:10:54.194" endtime="20201022 18:10:54.195" critical="yes">This Test Failed</status>
</test>
<test id="s1-s2-t523" name="Test - 523">
<kw name="Fail" library="BuiltIn">
<doc>Fails the test with the given message and optionally alters its tags.</doc>
<arguments>
<arg>This Test Failed</arg>
</arguments>
<msg timestamp="20201022 18:10:54.196" level="FAIL">This Test Failed</msg>
<status status="FAIL" starttime="20201022 18:10:54.196" endtime="20201022 18:10:54.196"></status>
</kw>
<status status="FAIL" starttime="20201022 18:10:54.195" endtime="20201022 18:10:54.196" critical="yes">This Test Failed</status>
</test>
<test id="s1-s2-t524" name="Test - 524">
<kw name="Fail" library="BuiltIn">
<doc>Fails the test with the given message and optionally alters its tags.</doc>
<arguments>
<arg>This Test Failed</arg>
</arguments>
<msg timestamp="20201022 18:10:54.197" level="FAIL">This Test Failed</msg>
<status status="FAIL" starttime="20201022 18:10:54.197" endtime="20201022 18:10:54.197"></status>
</kw>
<status status="FAIL" starttime="20201022 18:10:54.197" endtime="20201022 18:10:54.197" critical="yes">This Test Failed</status>
</test>
<test id="s1-s2-t525" name="Test - 525">
<kw name="Fail" library="BuiltIn">
<doc>Fails the test with the given message and optionally alters its tags.</doc>
<arguments>
<arg>This Test Failed</arg>
</arguments>
<msg timestamp="20201022 18:10:54.198" level="FAIL">This Test Failed</msg>
<status status="FAIL" starttime="20201022 18:10:54.198" endtime="20201022 18:10:54.198"></status>
</kw>
<status status="FAIL" starttime="20201022 18:10:54.198" endtime="20201022 18:10:54.198" critical="yes">This Test Failed</status>
</test>
<test id="s1-s2-t526" name="Test - 526">
<kw name="Fail" library="BuiltIn">
<doc>Fails the test with the given message and optionally alters its tags.</doc>
<arguments>
<arg>This Test Failed</arg>
</arguments>
<msg timestamp="20201022 18:10:54.199" level="FAIL">This Test Failed</msg>
<status status="FAIL" starttime="20201022 18:10:54.199" endtime="20201022 18:10:54.199"></status>
</kw>
<status status="FAIL" starttime="20201022 18:10:54.199" endtime="20201022 18:10:54.199" critical="yes">This Test Failed</status>
</test>
<test id="s1-s2-t527" name="Test - 527">
<kw name="Fail" library="BuiltIn">
<doc>Fails the test with the given message and optionally alters its tags.</doc>
<arguments>
<arg>This Test Failed</arg>
</arguments>
<msg timestamp="20201022 18:10:54.200" level="FAIL">This Test Failed</msg>
<status status="FAIL" starttime="20201022 18:10:54.200" endtime="20201022 18:10:54.200"></status>
</kw>
<status status="FAIL" starttime="20201022 18:10:54.200" endtime="20201022 18:10:54.200" critical="yes">This Test Failed</status>
</test>
<test id="s1-s2-t528" name="Test - 528">
<kw name="Fail" library="BuiltIn">
<doc>Fails the test with the given message and optionally alters its tags.</doc>
<arguments>
<arg>This Test Failed</arg>
</arguments>
<msg timestamp="20201022 18:10:54.201" level="FAIL">This Test Failed</msg>
<status status="FAIL" starttime="20201022 18:10:54.201" endtime="20201022 18:10:54.201"></status>
</kw>
<status status="FAIL" starttime="20201022 18:10:54.201" endtime="20201022 18:10:54.201" critical="yes">This Test Failed</status>
</test>
<test id="s1-s2-t529" name="Test - 529">
<kw name="Fail" library="BuiltIn">
<doc>Fails the test with the given message and optionally alters its tags.</doc>
<arguments>
<arg>This Test Failed</arg>
</arguments>
<msg timestamp="20201022 18:10:54.202" level="FAIL">This Test Failed</msg>
<status status="FAIL" starttime="20201022 18:10:54.202" endtime="20201022 18:10:54.202"></status>
</kw>
<status status="FAIL" starttime="20201022 18:10:54.202" endtime="20201022 18:10:54.202" critical="yes">This Test Failed</status>
</test>
<test id="s1-s2-t530" name="Test - 530">
<kw name="Fail" library="BuiltIn">
<doc>Fails the test with the given message and optionally alters its tags.</doc>
<arguments>
<arg>This Test Failed</arg>
</arguments>
<msg timestamp="20201022 18:10:54.203" level="FAIL">This Test Failed</msg>
<status status="FAIL" starttime="20201022 18:10:54.203" endtime="20201022 18:10:54.203"></status>
</kw>
<status status="FAIL" starttime="20201022 18:10:54.203" endtime="20201022 18:10:54.203" critical="yes">This Test Failed</status>
</test>
<test id="s1-s2-t531" name="Test - 531">
<kw name="Fail" library="BuiltIn">
<doc>Fails the test with the given message and optionally alters its tags.</doc>
<arguments>
<arg>This Test Failed</arg>
</arguments>
<msg timestamp="20201022 18:10:54.204" level="FAIL">This Test Failed</msg>
<status status="FAIL" starttime="20201022 18:10:54.204" endtime="20201022 18:10:54.204"></status>
</kw>
<status status="FAIL" starttime="20201022 18:10:54.204" endtime="20201022 18:10:54.204" critical="yes">This Test Failed</status>
</test>
<test id="s1-s2-t532" name="Test - 532">
<kw name="Fail" library="BuiltIn">
<doc>Fails the test with the given message and optionally alters its tags.</doc>
<arguments>
<arg>This Test Failed</arg>
</arguments>
<msg timestamp="20201022 18:10:54.205" level="FAIL">This Test Failed</msg>
<status status="FAIL" starttime="20201022 18:10:54.205" endtime="20201022 18:10:54.205"></status>
</kw>
<status status="FAIL" starttime="20201022 18:10:54.205" endtime="20201022 18:10:54.205" critical="yes">This Test Failed</status>
</test>
<test id="s1-s2-t533" name="Test - 533">
<kw name="Fail" library="BuiltIn">
<doc>Fails the test with the given message and optionally alters its tags.</doc>
<arguments>
<arg>This Test Failed</arg>
</arguments>
<msg timestamp="20201022 18:10:54.206" level="FAIL">This Test Failed</msg>
<status status="FAIL" starttime="20201022 18:10:54.206" endtime="20201022 18:10:54.206"></status>
</kw>
<status status="FAIL" starttime="20201022 18:10:54.206" endtime="20201022 18:10:54.207" critical="yes">This Test Failed</status>
</test>
<test id="s1-s2-t534" name="Test - 534">
<kw name="Fail" library="BuiltIn">
<doc>Fails the test with the given message and optionally alters its tags.</doc>
<arguments>
<arg>This Test Failed</arg>
</arguments>
<msg timestamp="20201022 18:10:54.207" level="FAIL">This Test Failed</msg>
<status status="FAIL" starttime="20201022 18:10:54.207" endtime="20201022 18:10:54.207"></status>
</kw>
<status status="FAIL" starttime="20201022 18:10:54.207" endtime="20201022 18:10:54.208" critical="yes">This Test Failed</status>
</test>
<test id="s1-s2-t535" name="Test - 535">
<kw name="Fail" library="BuiltIn">
<doc>Fails the test with the given message and optionally alters its tags.</doc>
<arguments>
<arg>This Test Failed</arg>
</arguments>
<msg timestamp="20201022 18:10:54.208" level="FAIL">This Test Failed</msg>
<status status="FAIL" starttime="20201022 18:10:54.208" endtime="20201022 18:10:54.208"></status>
</kw>
<status status="FAIL" starttime="20201022 18:10:54.208" endtime="20201022 18:10:54.209" critical="yes">This Test Failed</status>
</test>
<test id="s1-s2-t536" name="Test - 536">
<kw name="Fail" library="BuiltIn">
<doc>Fails the test with the given message and optionally alters its tags.</doc>
<arguments>
<arg>This Test Failed</arg>
</arguments>
<msg timestamp="20201022 18:10:54.209" level="FAIL">This Test Failed</msg>
<status status="FAIL" starttime="20201022 18:10:54.209" endtime="20201022 18:10:54.209"></status>
</kw>
<status status="FAIL" starttime="20201022 18:10:54.209" endtime="20201022 18:10:54.209" critical="yes">This Test Failed</status>
</test>
<test id="s1-s2-t537" name="Test - 537">
<kw name="Fail" library="BuiltIn">
<doc>Fails the test with the given message and optionally alters its tags.</doc>
<arguments>
<arg>This Test Failed</arg>
</arguments>
<msg timestamp="20201022 18:10:54.210" level="FAIL">This Test Failed</msg>
<status status="FAIL" starttime="20201022 18:10:54.210" endtime="20201022 18:10:54.210"></status>
</kw>
<status status="FAIL" starttime="20201022 18:10:54.210" endtime="20201022 18:10:54.210" critical="yes">This Test Failed</status>
</test>
<test id="s1-s2-t538" name="Test - 538">
<kw name="Fail" library="BuiltIn">
<doc>Fails the test with the given message and optionally alters its tags.</doc>
<arguments>
<arg>This Test Failed</arg>
</arguments>
<msg timestamp="20201022 18:10:54.211" level="FAIL">This Test Failed</msg>
<status status="FAIL" starttime="20201022 18:10:54.211" endtime="20201022 18:10:54.211"></status>
</kw>
<status status="FAIL" starttime="20201022 18:10:54.211" endtime="20201022 18:10:54.211" critical="yes">This Test Failed</status>
</test>
<test id="s1-s2-t539" name="Test - 539">
<kw name="Fail" library="BuiltIn">
<doc>Fails the test with the given message and optionally alters its tags.</doc>
<arguments>
<arg>This Test Failed</arg>
</arguments>
<msg timestamp="20201022 18:10:54.212" level="FAIL">This Test Failed</msg>
<status status="FAIL" starttime="20201022 18:10:54.212" endtime="20201022 18:10:54.212"></status>
</kw>
<status status="FAIL" starttime="20201022 18:10:54.212" endtime="20201022 18:10:54.212" critical="yes">This Test Failed</status>
</test>
<test id="s1-s2-t540" name="Test - 540">
<kw name="Fail" library="BuiltIn">
<doc>Fails the test with the given message and optionally alters its tags.</doc>
<arguments>
<arg>This Test Failed</arg>
</arguments>
<msg timestamp="20201022 18:10:54.213" level="FAIL">This Test Failed</msg>
<status status="FAIL" starttime="20201022 18:10:54.213" endtime="20201022 18:10:54.213"></status>
</kw>
<status status="FAIL" starttime="20201022 18:10:54.212" endtime="20201022 18:10:54.213" critical="yes">This Test Failed</status>
</test>
<test id="s1-s2-t541" name="Test - 541">
<kw name="Fail" library="BuiltIn">
<doc>Fails the test with the given message and optionally alters its tags.</doc>
<arguments>
<arg>This Test Failed</arg>
</arguments>
<msg timestamp="20201022 18:10:54.214" level="FAIL">This Test Failed</msg>
<status status="FAIL" starttime="20201022 18:10:54.214" endtime="20201022 18:10:54.214"></status>
</kw>
<status status="FAIL" starttime="20201022 18:10:54.213" endtime="20201022 18:10:54.214" critical="yes">This Test Failed</status>
</test>
<test id="s1-s2-t542" name="Test - 542">
<kw name="Fail" library="BuiltIn">
<doc>Fails the test with the given message and optionally alters its tags.</doc>
<arguments>
<arg>This Test Failed</arg>
</arguments>
<msg timestamp="20201022 18:10:54.215" level="FAIL">This Test Failed</msg>
<status status="FAIL" starttime="20201022 18:10:54.215" endtime="20201022 18:10:54.215"></status>
</kw>
<status status="FAIL" starttime="20201022 18:10:54.214" endtime="20201022 18:10:54.215" critical="yes">This Test Failed</status>
</test>
<test id="s1-s2-t543" name="Test - 543">
<kw name="Fail" library="BuiltIn">
<doc>Fails the test with the given message and optionally alters its tags.</doc>
<arguments>
<arg>This Test Failed</arg>
</arguments>
<msg timestamp="20201022 18:10:54.216" level="FAIL">This Test Failed</msg>
<status status="FAIL" starttime="20201022 18:10:54.215" endtime="20201022 18:10:54.216"></status>
</kw>
<status status="FAIL" starttime="20201022 18:10:54.215" endtime="20201022 18:10:54.216" critical="yes">This Test Failed</status>
</test>
<test id="s1-s2-t544" name="Test - 544">
<kw name="Fail" library="BuiltIn">
<doc>Fails the test with the given message and optionally alters its tags.</doc>
<arguments>
<arg>This Test Failed</arg>
</arguments>
<msg timestamp="20201022 18:10:54.216" level="FAIL">This Test Failed</msg>
<status status="FAIL" starttime="20201022 18:10:54.216" endtime="20201022 18:10:54.216"></status>
</kw>
<status status="FAIL" starttime="20201022 18:10:54.216" endtime="20201022 18:10:54.217" critical="yes">This Test Failed</status>
</test>
<test id="s1-s2-t545" name="Test - 545">
<kw name="Fail" library="BuiltIn">
<doc>Fails the test with the given message and optionally alters its tags.</doc>
<arguments>
<arg>This Test Failed</arg>
</arguments>
<msg timestamp="20201022 18:10:54.217" level="FAIL">This Test Failed</msg>
<status status="FAIL" starttime="20201022 18:10:54.217" endtime="20201022 18:10:54.217"></status>
</kw>
<status status="FAIL" starttime="20201022 18:10:54.217" endtime="20201022 18:10:54.217" critical="yes">This Test Failed</status>
</test>
<test id="s1-s2-t546" name="Test - 546">
<kw name="Fail" library="BuiltIn">
<doc>Fails the test with the given message and optionally alters its tags.</doc>
<arguments>
<arg>This Test Failed</arg>
</arguments>
<msg timestamp="20201022 18:10:54.218" level="FAIL">This Test Failed</msg>
<status status="FAIL" starttime="20201022 18:10:54.218" endtime="20201022 18:10:54.218"></status>
</kw>
<status status="FAIL" starttime="20201022 18:10:54.218" endtime="20201022 18:10:54.218" critical="yes">This Test Failed</status>
</test>
<test id="s1-s2-t547" name="Test - 547">
<kw name="Fail" library="BuiltIn">
<doc>Fails the test with the given message and optionally alters its tags.</doc>
<arguments>
<arg>This Test Failed</arg>
</arguments>
<msg timestamp="20201022 18:10:54.219" level="FAIL">This Test Failed</msg>
<status status="FAIL" starttime="20201022 18:10:54.219" endtime="20201022 18:10:54.219"></status>
</kw>
<status status="FAIL" starttime="20201022 18:10:54.218" endtime="20201022 18:10:54.219" critical="yes">This Test Failed</status>
</test>
<test id="s1-s2-t548" name="Test - 548">
<kw name="Fail" library="BuiltIn">
<doc>Fails the test with the given message and optionally alters its tags.</doc>
<arguments>
<arg>This Test Failed</arg>
</arguments>
<msg timestamp="20201022 18:10:54.220" level="FAIL">This Test Failed</msg>
<status status="FAIL" starttime="20201022 18:10:54.220" endtime="20201022 18:10:54.220"></status>
</kw>
<status status="FAIL" starttime="20201022 18:10:54.219" endtime="20201022 18:10:54.220" critical="yes">This Test Failed</status>
</test>
<test id="s1-s2-t549" name="Test - 549">
<kw name="Fail" library="BuiltIn">
<doc>Fails the test with the given message and optionally alters its tags.</doc>
<arguments>
<arg>This Test Failed</arg>
</arguments>
<msg timestamp="20201022 18:10:54.221" level="FAIL">This Test Failed</msg>
<status status="FAIL" starttime="20201022 18:10:54.221" endtime="20201022 18:10:54.221"></status>
</kw>
<status status="FAIL" starttime="20201022 18:10:54.220" endtime="20201022 18:10:54.221" critical="yes">This Test Failed</status>
</test>
<test id="s1-s2-t550" name="Test - 550">
<kw name="Fail" library="BuiltIn">
<doc>Fails the test with the given message and optionally alters its tags.</doc>
<arguments>
<arg>This Test Failed</arg>
</arguments>
<msg timestamp="20201022 18:10:54.222" level="FAIL">This Test Failed</msg>
<status status="FAIL" starttime="20201022 18:10:54.221" endtime="20201022 18:10:54.222"></status>
</kw>
<status status="FAIL" starttime="20201022 18:10:54.221" endtime="20201022 18:10:54.222" critical="yes">This Test Failed</status>
</test>
<status status="FAIL" starttime="20201022 18:10:53.674" endtime="20201022 18:10:54.229"></status>
</suite>
<status status="FAIL" starttime="20201022 18:10:53.073" endtime="20201022 18:10:54.261"></status>
</suite>
<statistics>
<total>
<stat pass="500" fail="600">Critical Tests</stat>
<stat pass="500" fail="600">All Tests</stat>
</total>
<tag>
</tag>
<suite>
<stat pass="500" fail="600" id="s1" name="Results">Results</stat>
<stat pass="250" fail="300" id="s1-s1" name="Generate Results">Results.Generate Results</stat>
<stat pass="250" fail="300" id="s1-s2" name="Second Suite">Results.Second Suite</stat>
</suite>
</statistics>
<errors>
</errors>
</robot>
